api/[...path].ts(2,10): error TS2614: Module '"../server/app"' has no exported member 'app'. Did you mean to use 'import app from "../server/app"' instead?
api/[...path].ts(2,15): error TS2614: Module '"../server/app"' has no exported member 'appReady'. Did you mean to use 'import appReady from "../server/app"' instead?
api/index.ts(2,10): error TS2614: Module '"../server/app"' has no exported member 'app'. Did you mean to use 'import app from "../server/app"' instead?
api/index.ts(2,15): error TS2614: Module '"../server/app"' has no exported member 'appReady'. Did you mean to use 'import appReady from "../server/app"' instead?
client/src/components/admin/UnsplashPicker.tsx(99,71): error TS2345: Argument of type '{ method: string; body: string; }' is not assignable to parameter of type 'string'.
client/src/components/admin/UnsplashPicker.tsx(109,28): error TS2339: Property 'images' does not exist on type 'Response'.
client/src/components/admin/UnsplashPicker.tsx(111,50): error TS2339: Property 'images' does not exist on type 'Response'.
client/src/components/admin/UnsplashPicker.tsx(114,28): error TS2339: Property 'images' does not exist on type 'Response'.
client/src/components/admin/URLInput.tsx(114,68): error TS2345: Argument of type '{ method: string; body: string; }' is not assignable to parameter of type 'string'.
client/src/components/admin/URLInput.tsx(119,27): error TS2345: Argument of type 'Response' is not assignable to parameter of type 'SetStateAction<{ valid: boolean; error?: string | undefined; } | null>'.
client/src/components/admin/URLInput.tsx(121,20): error TS2339: Property 'valid' does not exist on type 'Response'.
client/src/components/admin/URLInput.tsx(127,34): error TS2339: Property 'error' does not exist on type 'Response'.
client/src/components/branding/SceneRenderer.tsx(153,28): error TS2339: Property 'director' does not exist on type '{ type: "image"; content: { alt: string; url: string; title?: string | undefined; mediaId?: string | undefined; }; }'.
client/src/components/branding/SceneRenderer.tsx(153,28): error TS2339: Property 'director' does not exist on type '{ type: "text"; content: { body: string; heading: string; headingLevel: "h2" | "h3" | "h1" | "h4" | "h5" | "h6"; metaDescription?: string | undefined; }; } | { type: "image"; content: { alt: string; url: string; title?: string | undefined; mediaId?: string | undefined; }; } | ... 5 more ... | { ...; }'.
client/src/components/branding/SceneRenderer.tsx(153,28): error TS2339: Property 'director' does not exist on type '{ type: "text"; content: { body: string; heading: string; headingLevel: "h2" | "h3" | "h1" | "h4" | "h5" | "h6"; metaDescription?: string | undefined; }; }'.
client/src/components/branding/SceneRenderer.tsx(153,28): error TS2339: Property 'director' does not exist on type '{ type: "video"; content: { url: string; } & { [k: string]: unknown; }; }'.
client/src/components/branding/SceneRenderer.tsx(333,22): error TS2339: Property 'caption' does not exist on type '{ url: string; alt?: string | undefined; mediaId?: string | undefined; }'.
client/src/components/branding/SceneRenderer.tsx(335,26): error TS2339: Property 'caption' does not exist on type '{ url: string; alt?: string | undefined; mediaId?: string | undefined; }'.
client/src/components/branding/SceneRenderer.tsx(433,42): error TS2367: This comparison appears to be unintentional because the types '"video" | "image" | "text" | "split" | "quote" | "gallery" | "component"' and '"hero"' have no overlap.
client/src/components/branding/SceneRenderer.tsx(444,28): error TS2339: Property 'director' does not exist on type '{ type: "text"; content: { body: string; heading: string; headingLevel: "h2" | "h3" | "h1" | "h4" | "h5" | "h6"; metaDescription?: string | undefined; }; } | { type: "image"; content: { alt: string; url: string; title?: string | undefined; mediaId?: string | undefined; }; } | ... 5 more ... | { ...; }'.
  Property 'director' does not exist on type '{ type: "text"; content: { body: string; heading: string; headingLevel: "h2" | "h3" | "h1" | "h4" | "h5" | "h6"; metaDescription?: string | undefined; }; }'.
client/src/components/branding/SceneRenderer.tsx(445,27): error TS2339: Property 'director' does not exist on type '{ type: "text"; content: { body: string; heading: string; headingLevel: "h2" | "h3" | "h1" | "h4" | "h5" | "h6"; metaDescription?: string | undefined; }; } | { type: "image"; content: { alt: string; url: string; title?: string | undefined; mediaId?: string | undefined; }; } | ... 5 more ... | { ...; }'.
  Property 'director' does not exist on type '{ type: "text"; content: { body: string; heading: string; headingLevel: "h2" | "h3" | "h1" | "h4" | "h5" | "h6"; metaDescription?: string | undefined; }; }'.
client/src/components/branding/SceneRenderer.tsx(446,25): error TS2339: Property 'director' does not exist on type '{ type: "text"; content: { body: string; heading: string; headingLevel: "h2" | "h3" | "h1" | "h4" | "h5" | "h6"; metaDescription?: string | undefined; }; } | { type: "image"; content: { alt: string; url: string; title?: string | undefined; mediaId?: string | undefined; }; } | ... 5 more ... | { ...; }'.
  Property 'director' does not exist on type '{ type: "text"; content: { body: string; heading: string; headingLevel: "h2" | "h3" | "h1" | "h4" | "h5" | "h6"; metaDescription?: string | undefined; }; }'.
client/src/components/branding/SceneRenderer.tsx(447,20): error TS7053: Element implicitly has an 'any' type because expression of type 'any' can't be used to index type '{ slow: number; normal: number; fast: number; }'.
client/src/components/branding/SceneRenderer.tsx(447,41): error TS2339: Property 'director' does not exist on type '{ type: "text"; content: { body: string; heading: string; headingLevel: "h2" | "h3" | "h1" | "h4" | "h5" | "h6"; metaDescription?: string | undefined; }; } | { type: "image"; content: { alt: string; url: string; title?: string | undefined; mediaId?: string | undefined; }; } | ... 5 more ... | { ...; }'.
  Property 'director' does not exist on type '{ type: "text"; content: { body: string; heading: string; headingLevel: "h2" | "h3" | "h1" | "h4" | "h5" | "h6"; metaDescription?: string | undefined; }; }'.
client/src/components/branding/SceneRenderer.tsx(452,13): error TS2339: Property 'director' does not exist on type '{ type: "text"; content: { body: string; heading: string; headingLevel: "h2" | "h3" | "h1" | "h4" | "h5" | "h6"; metaDescription?: string | undefined; }; } | { type: "image"; content: { alt: string; url: string; title?: string | undefined; mediaId?: string | undefined; }; } | ... 5 more ... | { ...; }'.
  Property 'director' does not exist on type '{ type: "text"; content: { body: string; heading: string; headingLevel: "h2" | "h3" | "h1" | "h4" | "h5" | "h6"; metaDescription?: string | undefined; }; }'.
client/src/components/branding/SceneRenderer.tsx(457,28): error TS2339: Property 'director' does not exist on type '{ type: "text"; content: { body: string; heading: string; headingLevel: "h2" | "h3" | "h1" | "h4" | "h5" | "h6"; metaDescription?: string | undefined; }; } | { type: "image"; content: { alt: string; url: string; title?: string | undefined; mediaId?: string | undefined; }; } | ... 5 more ... | { ...; }'.
  Property 'director' does not exist on type '{ type: "text"; content: { body: string; heading: string; headingLevel: "h2" | "h3" | "h1" | "h4" | "h5" | "h6"; metaDescription?: string | undefined; }; }'.
client/src/components/branding/SceneRenderer.tsx(475,31): error TS2538: Type 'undefined' cannot be used as an index type.
client/src/components/branding/SceneRenderer.tsx(508,50): error TS2538: Type 'undefined' cannot be used as an index type.
client/src/components/branding/SceneRenderer.tsx(806,37): error TS2345: Argument of type '(el: HTMLElement) => void' is not assignable to parameter of type '(value: Element, key: number, parent: NodeListOf<Element>) => void'.
  Types of parameters 'el' and 'value' are incompatible.
    Type 'Element' is missing the following properties from type 'HTMLElement': accessKey, accessKeyLabel, autocapitalize, dir, and 125 more.
client/src/components/branding/SceneRenderer.tsx(821,11): error TS2339: Property 'director' does not exist on type '{ type: "text"; content: { body: string; heading: string; headingLevel: "h2" | "h3" | "h1" | "h4" | "h5" | "h6"; metaDescription?: string | undefined; }; } | { type: "image"; content: { alt: string; url: string; title?: string | undefined; mediaId?: string | undefined; }; } | ... 5 more ... | { ...; }'.
client/src/components/ConfigurableAssessment.tsx(327,10): error TS2322: Type '{ children: string; className: string; "data-testid": string; role: "heading"; "aria-level": string; }' is not assignable to type 'HTMLAttributes<HTMLDivElement>'.
  Types of property '"aria-level"' are incompatible.
    Type 'string' is not assignable to type 'number'.
client/src/components/ShareModal.tsx(211,14): error TS2774: This condition will always return true since this function is always defined. Did you mean to call it instead?
client/src/components/ui/magnetic-button.tsx(30,6): error TS2322: Type '{ children: ReactNode; defaultChecked?: boolean | undefined; defaultValue?: string | number | readonly string[] | undefined; suppressContentEditableWarning?: boolean | undefined; ... 262 more ...; className: string | undefined; }' is not assignable to type 'MotionProps'.
  Types of property 'onAnimationStart' are incompatible.
    Type 'AnimationEventHandler<HTMLDivElement> | undefined' is not assignable to type '((definition: AnimationDefinition) => void) | undefined'.
      Type 'AnimationEventHandler<HTMLDivElement>' is not assignable to type '(definition: AnimationDefinition) => void'.
        Types of parameters 'event' and 'definition' are incompatible.
          Type 'AnimationDefinition' is not assignable to type 'AnimationEvent<HTMLDivElement>'.
            Type 'string' is not assignable to type 'AnimationEvent<HTMLDivElement>'.
client/src/components/ui/validated-input.tsx(100,10): error TS2304: Cannot find name 'description'.
client/src/components/ui/validated-input.tsx(102,14): error TS2304: Cannot find name 'description'.
client/src/components/ui/validated-input.tsx(120,15): error TS2304: Cannot find name 'description'.
client/src/components/ui/validated-input.tsx(124,27): error TS2304: Cannot find name 'autoComplete'.
client/src/components/widgets/DynamicForm.tsx(79,39): error TS2339: Property 'regex' does not exist on type 'ZodTypeAny'.
client/src/lib/diffScenes.ts(16,43): error TS2345: Argument of type 'Record<string, any>' is not assignable to parameter of type '{ type: "text"; content: { body: string; heading: string; headingLevel: "h2" | "h3" | "h1" | "h4" | "h5" | "h6"; metaDescription?: string | undefined; }; } | { type: "image"; content: { alt: string; url: string; title?: string | undefined; mediaId?: string | undefined; }; } | ... 6 more ... | undefined'.
  Type 'Record<string, any>' is missing the following properties from type '{ type: "component"; content: { props: Record<string, any>; componentType: "metric-card" | "timeline" | "comparison-table" | "testimonial-carousel" | "badge-grid" | "icon-grid" | ... 5 more ... | "cta-block"; heading?: string | undefined; description?: string | undefined; } & { ...; }; }': type, content
client/src/lib/director-validator.ts(64,14): error TS2339: Property 'mediaOpacity' does not exist on type 'Partial<{ entryDuration: number; exitDuration: number; entryDelay: number; exitDelay: number; fadeOnScroll: boolean; scaleOnScroll: boolean; blurOnScroll: boolean; fontWeight?: "bold" | "normal" | "medium" | "semibold" | undefined; ... 10 more ...; animationEasing?: "ease" | ... 11 more ... | undefined; }>'.
client/src/lib/director-validator.ts(64,52): error TS2339: Property 'mediaOpacity' does not exist on type 'Partial<{ entryDuration: number; exitDuration: number; entryDelay: number; exitDelay: number; fadeOnScroll: boolean; scaleOnScroll: boolean; blurOnScroll: boolean; fontWeight?: "bold" | "normal" | "medium" | "semibold" | undefined; ... 10 more ...; animationEasing?: "ease" | ... 11 more ... | undefined; }>'.
client/src/lib/director-validator.ts(64,79): error TS2339: Property 'mediaOpacity' does not exist on type 'Partial<{ entryDuration: number; exitDuration: number; entryDelay: number; exitDelay: number; fadeOnScroll: boolean; scaleOnScroll: boolean; blurOnScroll: boolean; fontWeight?: "bold" | "normal" | "medium" | "semibold" | undefined; ... 10 more ...; animationEasing?: "ease" | ... 11 more ... | undefined; }>'.
client/src/lib/director-validator.ts(65,90): error TS2339: Property 'mediaOpacity' does not exist on type 'Partial<{ entryDuration: number; exitDuration: number; entryDelay: number; exitDelay: number; fadeOnScroll: boolean; scaleOnScroll: boolean; blurOnScroll: boolean; fontWeight?: "bold" | "normal" | "medium" | "semibold" | undefined; ... 10 more ...; animationEasing?: "ease" | ... 11 more ... | undefined; }>'.
client/src/lib/director-validator.ts(69,14): error TS2339: Property 'enablePerspective' does not exist on type 'Partial<{ entryDuration: number; exitDuration: number; entryDelay: number; exitDelay: number; fadeOnScroll: boolean; scaleOnScroll: boolean; blurOnScroll: boolean; fontWeight?: "bold" | "normal" | "medium" | "semibold" | undefined; ... 10 more ...; animationEasing?: "ease" | ... 11 more ... | undefined; }>'.
client/src/pages/admin/BlogPostForm.tsx(98,33): error TS2339: Property 'data' does not exist on type 'Response'.
client/src/pages/admin/CrmWorkspace.tsx(93,7): error TS2741: Property 'required' is missing in type '{ name: string; label: string; type: "text"; }' but required in type '{ type: "number" | "select" | "textarea" | "text" | "checkbox" | "radio" | "tel" | "email"; label: string; name: string; required: boolean; options?: { value: string; label: string; }[] | undefined; validation?: { ...; } | undefined; placeholder?: string | undefined; }'.
client/src/pages/admin/CrmWorkspace.tsx(94,7): error TS2741: Property 'required' is missing in type '{ name: string; label: string; type: "text"; }' but required in type '{ type: "number" | "select" | "textarea" | "text" | "checkbox" | "radio" | "tel" | "email"; label: string; name: string; required: boolean; options?: { value: string; label: string; }[] | undefined; validation?: { ...; } | undefined; placeholder?: string | undefined; }'.
client/src/pages/admin/CrmWorkspace.tsx(95,7): error TS2741: Property 'required' is missing in type '{ name: string; label: string; type: "text"; }' but required in type '{ type: "number" | "select" | "textarea" | "text" | "checkbox" | "radio" | "tel" | "email"; label: string; name: string; required: boolean; options?: { value: string; label: string; }[] | undefined; validation?: { ...; } | undefined; placeholder?: string | undefined; }'.
client/src/pages/admin/CrmWorkspace.tsx(129,7): error TS2741: Property 'required' is missing in type '{ name: string; label: string; type: "tel"; }' but required in type '{ type: "number" | "select" | "textarea" | "text" | "checkbox" | "radio" | "tel" | "email"; label: string; name: string; required: boolean; options?: { value: string; label: string; }[] | undefined; validation?: { ...; } | undefined; placeholder?: string | undefined; }'.
client/src/pages/admin/CrmWorkspace.tsx(130,7): error TS2741: Property 'required' is missing in type '{ name: string; label: string; type: "text"; }' but required in type '{ type: "number" | "select" | "textarea" | "text" | "checkbox" | "radio" | "tel" | "email"; label: string; name: string; required: boolean; options?: { value: string; label: string; }[] | undefined; validation?: { ...; } | undefined; placeholder?: string | undefined; }'.
client/src/pages/admin/CrmWorkspace.tsx(131,7): error TS2741: Property 'required' is missing in type '{ name: string; label: string; type: "text"; }' but required in type '{ type: "number" | "select" | "textarea" | "text" | "checkbox" | "radio" | "tel" | "email"; label: string; name: string; required: boolean; options?: { value: string; label: string; }[] | undefined; validation?: { ...; } | undefined; placeholder?: string | undefined; }'.
client/src/pages/admin/CrmWorkspace.tsx(160,7): error TS2741: Property 'required' is missing in type '{ name: string; label: string; type: "text"; }' but required in type '{ type: "number" | "select" | "textarea" | "text" | "checkbox" | "radio" | "tel" | "email"; label: string; name: string; required: boolean; options?: { value: string; label: string; }[] | undefined; validation?: { ...; } | undefined; placeholder?: string | undefined; }'.
client/src/pages/admin/CrmWorkspace.tsx(161,7): error TS2741: Property 'required' is missing in type '{ name: string; label: string; type: "text"; }' but required in type '{ type: "number" | "select" | "textarea" | "text" | "checkbox" | "radio" | "tel" | "email"; label: string; name: string; required: boolean; options?: { value: string; label: string; }[] | undefined; validation?: { ...; } | undefined; placeholder?: string | undefined; }'.
client/src/pages/admin/CrmWorkspace.tsx(162,7): error TS2741: Property 'required' is missing in type '{ name: string; label: string; type: "text"; }' but required in type '{ type: "number" | "select" | "textarea" | "text" | "checkbox" | "radio" | "tel" | "email"; label: string; name: string; required: boolean; options?: { value: string; label: string; }[] | undefined; validation?: { ...; } | undefined; placeholder?: string | undefined; }'.
client/src/pages/admin/CrmWorkspace.tsx(163,7): error TS2741: Property 'required' is missing in type '{ name: string; label: string; type: "text"; }' but required in type '{ type: "number" | "select" | "textarea" | "text" | "checkbox" | "radio" | "tel" | "email"; label: string; name: string; required: boolean; options?: { value: string; label: string; }[] | undefined; validation?: { ...; } | undefined; placeholder?: string | undefined; }'.
client/src/pages/admin/CrmWorkspace.tsx(164,7): error TS2741: Property 'required' is missing in type '{ name: string; label: string; type: "select"; options: { label: string; value: string; }[]; }' but required in type '{ type: "number" | "select" | "textarea" | "text" | "checkbox" | "radio" | "tel" | "email"; label: string; name: string; required: boolean; options?: { value: string; label: string; }[] | undefined; validation?: { ...; } | undefined; placeholder?: string | undefined; }'.
client/src/pages/admin/CrmWorkspace.tsx(174,7): error TS2741: Property 'required' is missing in type '{ name: string; label: string; type: "number"; }' but required in type '{ type: "number" | "select" | "textarea" | "text" | "checkbox" | "radio" | "tel" | "email"; label: string; name: string; required: boolean; options?: { value: string; label: string; }[] | undefined; validation?: { ...; } | undefined; placeholder?: string | undefined; }'.
client/src/pages/admin/CrmWorkspace.tsx(175,7): error TS2741: Property 'required' is missing in type '{ name: string; label: string; type: "text"; }' but required in type '{ type: "number" | "select" | "textarea" | "text" | "checkbox" | "radio" | "tel" | "email"; label: string; name: string; required: boolean; options?: { value: string; label: string; }[] | undefined; validation?: { ...; } | undefined; placeholder?: string | undefined; }'.
client/src/pages/admin/CrmWorkspace.tsx(176,7): error TS2741: Property 'required' is missing in type '{ name: string; label: string; type: "text"; }' but required in type '{ type: "number" | "select" | "textarea" | "text" | "checkbox" | "radio" | "tel" | "email"; label: string; name: string; required: boolean; options?: { value: string; label: string; }[] | undefined; validation?: { ...; } | undefined; placeholder?: string | undefined; }'.
client/src/pages/admin/CrmWorkspace.tsx(217,7): error TS2741: Property 'required' is missing in type '{ name: string; label: string; type: "text"; }' but required in type '{ type: "number" | "select" | "textarea" | "text" | "checkbox" | "radio" | "tel" | "email"; label: string; name: string; required: boolean; options?: { value: string; label: string; }[] | undefined; validation?: { ...; } | undefined; placeholder?: string | undefined; }'.
client/src/pages/admin/CrmWorkspace.tsx(218,7): error TS2741: Property 'required' is missing in type '{ name: string; label: string; type: "text"; }' but required in type '{ type: "number" | "select" | "textarea" | "text" | "checkbox" | "radio" | "tel" | "email"; label: string; name: string; required: boolean; options?: { value: string; label: string; }[] | undefined; validation?: { ...; } | undefined; placeholder?: string | undefined; }'.
client/src/pages/admin/CrmWorkspace.tsx(219,7): error TS2741: Property 'required' is missing in type '{ name: string; label: string; type: "text"; }' but required in type '{ type: "number" | "select" | "textarea" | "text" | "checkbox" | "radio" | "tel" | "email"; label: string; name: string; required: boolean; options?: { value: string; label: string; }[] | undefined; validation?: { ...; } | undefined; placeholder?: string | undefined; }'.
client/src/pages/admin/CrmWorkspace.tsx(220,7): error TS2741: Property 'required' is missing in type '{ name: string; label: string; type: "text"; }' but required in type '{ type: "number" | "select" | "textarea" | "text" | "checkbox" | "radio" | "tel" | "email"; label: string; name: string; required: boolean; options?: { value: string; label: string; }[] | undefined; validation?: { ...; } | undefined; placeholder?: string | undefined; }'.
client/src/pages/admin/CrmWorkspace.tsx(222,7): error TS2741: Property 'required' is missing in type '{ name: string; label: string; type: "textarea"; }' but required in type '{ type: "number" | "select" | "textarea" | "text" | "checkbox" | "radio" | "tel" | "email"; label: string; name: string; required: boolean; options?: { value: string; label: string; }[] | undefined; validation?: { ...; } | undefined; placeholder?: string | undefined; }'.
client/src/pages/admin/CrmWorkspace.tsx(223,7): error TS2741: Property 'required' is missing in type '{ name: string; label: string; type: "select"; options: { label: string; value: string; }[]; }' but required in type '{ type: "number" | "select" | "textarea" | "text" | "checkbox" | "radio" | "tel" | "email"; label: string; name: string; required: boolean; options?: { value: string; label: string; }[] | undefined; validation?: { ...; } | undefined; placeholder?: string | undefined; }'.
client/src/pages/admin/CrmWorkspace.tsx(232,7): error TS2741: Property 'required' is missing in type '{ name: string; label: string; type: "select"; options: { label: string; value: string; }[]; }' but required in type '{ type: "number" | "select" | "textarea" | "text" | "checkbox" | "radio" | "tel" | "email"; label: string; name: string; required: boolean; options?: { value: string; label: string; }[] | undefined; validation?: { ...; } | undefined; placeholder?: string | undefined; }'.
client/src/pages/admin/CrmWorkspace.tsx(241,7): error TS2741: Property 'required' is missing in type '{ name: string; label: string; type: "text"; }' but required in type '{ type: "number" | "select" | "textarea" | "text" | "checkbox" | "radio" | "tel" | "email"; label: string; name: string; required: boolean; options?: { value: string; label: string; }[] | undefined; validation?: { ...; } | undefined; placeholder?: string | undefined; }'.
client/src/pages/admin/CrmWorkspace.tsx(279,7): error TS2741: Property 'required' is missing in type '{ name: string; label: string; type: "text"; }' but required in type '{ type: "number" | "select" | "textarea" | "text" | "checkbox" | "radio" | "tel" | "email"; label: string; name: string; required: boolean; options?: { value: string; label: string; }[] | undefined; validation?: { ...; } | undefined; placeholder?: string | undefined; }'.
client/src/pages/admin/CrmWorkspace.tsx(280,7): error TS2741: Property 'required' is missing in type '{ name: string; label: string; type: "text"; }' but required in type '{ type: "number" | "select" | "textarea" | "text" | "checkbox" | "radio" | "tel" | "email"; label: string; name: string; required: boolean; options?: { value: string; label: string; }[] | undefined; validation?: { ...; } | undefined; placeholder?: string | undefined; }'.
client/src/pages/admin/CrmWorkspace.tsx(281,7): error TS2741: Property 'required' is missing in type '{ name: string; label: string; type: "text"; }' but required in type '{ type: "number" | "select" | "textarea" | "text" | "checkbox" | "radio" | "tel" | "email"; label: string; name: string; required: boolean; options?: { value: string; label: string; }[] | undefined; validation?: { ...; } | undefined; placeholder?: string | undefined; }'.
client/src/pages/admin/CrmWorkspace.tsx(282,7): error TS2741: Property 'required' is missing in type '{ name: string; label: string; type: "text"; }' but required in type '{ type: "number" | "select" | "textarea" | "text" | "checkbox" | "radio" | "tel" | "email"; label: string; name: string; required: boolean; options?: { value: string; label: string; }[] | undefined; validation?: { ...; } | undefined; placeholder?: string | undefined; }'.
client/src/pages/admin/CrmWorkspace.tsx(283,7): error TS2741: Property 'required' is missing in type '{ name: string; label: string; type: "select"; options: { label: string; value: string; }[]; }' but required in type '{ type: "number" | "select" | "textarea" | "text" | "checkbox" | "radio" | "tel" | "email"; label: string; name: string; required: boolean; options?: { value: string; label: string; }[] | undefined; validation?: { ...; } | undefined; placeholder?: string | undefined; }'.
client/src/pages/admin/CrmWorkspace.tsx(292,7): error TS2741: Property 'required' is missing in type '{ name: string; label: string; type: "text"; }' but required in type '{ type: "number" | "select" | "textarea" | "text" | "checkbox" | "radio" | "tel" | "email"; label: string; name: string; required: boolean; options?: { value: string; label: string; }[] | undefined; validation?: { ...; } | undefined; placeholder?: string | undefined; }'.
client/src/pages/admin/CrmWorkspace.tsx(293,7): error TS2741: Property 'required' is missing in type '{ name: string; label: string; type: "textarea"; }' but required in type '{ type: "number" | "select" | "textarea" | "text" | "checkbox" | "radio" | "tel" | "email"; label: string; name: string; required: boolean; options?: { value: string; label: string; }[] | undefined; validation?: { ...; } | undefined; placeholder?: string | undefined; }'.
client/src/pages/admin/CrmWorkspace.tsx(294,7): error TS2741: Property 'required' is missing in type '{ name: string; label: string; type: "number"; }' but required in type '{ type: "number" | "select" | "textarea" | "text" | "checkbox" | "radio" | "tel" | "email"; label: string; name: string; required: boolean; options?: { value: string; label: string; }[] | undefined; validation?: { ...; } | undefined; placeholder?: string | undefined; }'.
client/src/pages/admin/CrmWorkspace.tsx(295,7): error TS2741: Property 'required' is missing in type '{ name: string; label: string; type: "text"; }' but required in type '{ type: "number" | "select" | "textarea" | "text" | "checkbox" | "radio" | "tel" | "email"; label: string; name: string; required: boolean; options?: { value: string; label: string; }[] | undefined; validation?: { ...; } | undefined; placeholder?: string | undefined; }'.
client/src/pages/admin/CrmWorkspace.tsx(296,7): error TS2741: Property 'required' is missing in type '{ name: string; label: string; type: "text"; }' but required in type '{ type: "number" | "select" | "textarea" | "text" | "checkbox" | "radio" | "tel" | "email"; label: string; name: string; required: boolean; options?: { value: string; label: string; }[] | undefined; validation?: { ...; } | undefined; placeholder?: string | undefined; }'.
client/src/pages/admin/CrmWorkspace.tsx(326,7): error TS2741: Property 'required' is missing in type '{ name: string; label: string; type: "text"; }' but required in type '{ type: "number" | "select" | "textarea" | "text" | "checkbox" | "radio" | "tel" | "email"; label: string; name: string; required: boolean; options?: { value: string; label: string; }[] | undefined; validation?: { ...; } | undefined; placeholder?: string | undefined; }'.
client/src/pages/admin/CrmWorkspace.tsx(327,7): error TS2741: Property 'required' is missing in type '{ name: string; label: string; type: "text"; }' but required in type '{ type: "number" | "select" | "textarea" | "text" | "checkbox" | "radio" | "tel" | "email"; label: string; name: string; required: boolean; options?: { value: string; label: string; }[] | undefined; validation?: { ...; } | undefined; placeholder?: string | undefined; }'.
client/src/pages/admin/CrmWorkspace.tsx(328,7): error TS2741: Property 'required' is missing in type '{ name: string; label: string; type: "text"; }' but required in type '{ type: "number" | "select" | "textarea" | "text" | "checkbox" | "radio" | "tel" | "email"; label: string; name: string; required: boolean; options?: { value: string; label: string; }[] | undefined; validation?: { ...; } | undefined; placeholder?: string | undefined; }'.
client/src/pages/admin/CrmWorkspace.tsx(329,7): error TS2741: Property 'required' is missing in type '{ name: string; label: string; type: "text"; }' but required in type '{ type: "number" | "select" | "textarea" | "text" | "checkbox" | "radio" | "tel" | "email"; label: string; name: string; required: boolean; options?: { value: string; label: string; }[] | undefined; validation?: { ...; } | undefined; placeholder?: string | undefined; }'.
client/src/pages/admin/CrmWorkspace.tsx(331,7): error TS2741: Property 'required' is missing in type '{ name: string; label: string; type: "textarea"; }' but required in type '{ type: "number" | "select" | "textarea" | "text" | "checkbox" | "radio" | "tel" | "email"; label: string; name: string; required: boolean; options?: { value: string; label: string; }[] | undefined; validation?: { ...; } | undefined; placeholder?: string | undefined; }'.
client/src/pages/admin/CrmWorkspace.tsx(332,7): error TS2741: Property 'required' is missing in type '{ name: string; label: string; type: "text"; }' but required in type '{ type: "number" | "select" | "textarea" | "text" | "checkbox" | "radio" | "tel" | "email"; label: string; name: string; required: boolean; options?: { value: string; label: string; }[] | undefined; validation?: { ...; } | undefined; placeholder?: string | undefined; }'.
client/src/pages/admin/CrmWorkspace.tsx(333,7): error TS2741: Property 'required' is missing in type '{ name: string; label: string; type: "select"; options: { label: string; value: string; }[]; }' but required in type '{ type: "number" | "select" | "textarea" | "text" | "checkbox" | "radio" | "tel" | "email"; label: string; name: string; required: boolean; options?: { value: string; label: string; }[] | undefined; validation?: { ...; } | undefined; placeholder?: string | undefined; }'.
client/src/pages/admin/CrmWorkspace.tsx(343,7): error TS2741: Property 'required' is missing in type '{ name: string; label: string; type: "text"; }' but required in type '{ type: "number" | "select" | "textarea" | "text" | "checkbox" | "radio" | "tel" | "email"; label: string; name: string; required: boolean; options?: { value: string; label: string; }[] | undefined; validation?: { ...; } | undefined; placeholder?: string | undefined; }'.
client/src/pages/admin/CrmWorkspace.tsx(344,7): error TS2741: Property 'required' is missing in type '{ name: string; label: string; type: "text"; }' but required in type '{ type: "number" | "select" | "textarea" | "text" | "checkbox" | "radio" | "tel" | "email"; label: string; name: string; required: boolean; options?: { value: string; label: string; }[] | undefined; validation?: { ...; } | undefined; placeholder?: string | undefined; }'.
client/src/pages/admin/CrmWorkspace.tsx(345,7): error TS2741: Property 'required' is missing in type '{ name: string; label: string; type: "text"; }' but required in type '{ type: "number" | "select" | "textarea" | "text" | "checkbox" | "radio" | "tel" | "email"; label: string; name: string; required: boolean; options?: { value: string; label: string; }[] | undefined; validation?: { ...; } | undefined; placeholder?: string | undefined; }'.
client/src/pages/admin/CrmWorkspace.tsx(346,7): error TS2741: Property 'required' is missing in type '{ name: string; label: string; type: "text"; }' but required in type '{ type: "number" | "select" | "textarea" | "text" | "checkbox" | "radio" | "tel" | "email"; label: string; name: string; required: boolean; options?: { value: string; label: string; }[] | undefined; validation?: { ...; } | undefined; placeholder?: string | undefined; }'.
client/src/pages/admin/CrmWorkspace.tsx(367,7): error TS2741: Property 'required' is missing in type '{ name: string; label: string; type: "text"; }' but required in type '{ type: "number" | "select" | "textarea" | "text" | "checkbox" | "radio" | "tel" | "email"; label: string; name: string; required: boolean; options?: { value: string; label: string; }[] | undefined; validation?: { ...; } | undefined; placeholder?: string | undefined; }'.
client/src/pages/admin/CrmWorkspace.tsx(368,7): error TS2741: Property 'required' is missing in type '{ name: string; label: string; type: "text"; }' but required in type '{ type: "number" | "select" | "textarea" | "text" | "checkbox" | "radio" | "tel" | "email"; label: string; name: string; required: boolean; options?: { value: string; label: string; }[] | undefined; validation?: { ...; } | undefined; placeholder?: string | undefined; }'.
client/src/pages/admin/CrmWorkspace.tsx(369,7): error TS2741: Property 'required' is missing in type '{ name: string; label: string; type: "text"; }' but required in type '{ type: "number" | "select" | "textarea" | "text" | "checkbox" | "radio" | "tel" | "email"; label: string; name: string; required: boolean; options?: { value: string; label: string; }[] | undefined; validation?: { ...; } | undefined; placeholder?: string | undefined; }'.
client/src/pages/admin/CrmWorkspace.tsx(370,7): error TS2741: Property 'required' is missing in type '{ name: string; label: string; type: "text"; }' but required in type '{ type: "number" | "select" | "textarea" | "text" | "checkbox" | "radio" | "tel" | "email"; label: string; name: string; required: boolean; options?: { value: string; label: string; }[] | undefined; validation?: { ...; } | undefined; placeholder?: string | undefined; }'.
client/src/pages/admin/CrmWorkspace.tsx(372,7): error TS2741: Property 'required' is missing in type '{ name: string; label: string; type: "textarea"; }' but required in type '{ type: "number" | "select" | "textarea" | "text" | "checkbox" | "radio" | "tel" | "email"; label: string; name: string; required: boolean; options?: { value: string; label: string; }[] | undefined; validation?: { ...; } | undefined; placeholder?: string | undefined; }'.
client/src/pages/admin/CrmWorkspace.tsx(373,7): error TS2741: Property 'required' is missing in type '{ name: string; label: string; type: "select"; options: { label: string; value: string; }[]; }' but required in type '{ type: "number" | "select" | "textarea" | "text" | "checkbox" | "radio" | "tel" | "email"; label: string; name: string; required: boolean; options?: { value: string; label: string; }[] | undefined; validation?: { ...; } | undefined; placeholder?: string | undefined; }'.
client/src/pages/admin/CrmWorkspace.tsx(383,7): error TS2741: Property 'required' is missing in type '{ name: string; label: string; type: "select"; options: { label: string; value: string; }[]; }' but required in type '{ type: "number" | "select" | "textarea" | "text" | "checkbox" | "radio" | "tel" | "email"; label: string; name: string; required: boolean; options?: { value: string; label: string; }[] | undefined; validation?: { ...; } | undefined; placeholder?: string | undefined; }'.
client/src/pages/admin/CrmWorkspace.tsx(393,7): error TS2741: Property 'required' is missing in type '{ name: string; label: string; type: "text"; }' but required in type '{ type: "number" | "select" | "textarea" | "text" | "checkbox" | "radio" | "tel" | "email"; label: string; name: string; required: boolean; options?: { value: string; label: string; }[] | undefined; validation?: { ...; } | undefined; placeholder?: string | undefined; }'.
client/src/pages/admin/CrmWorkspace.tsx(394,7): error TS2741: Property 'required' is missing in type '{ name: string; label: string; type: "text"; }' but required in type '{ type: "number" | "select" | "textarea" | "text" | "checkbox" | "radio" | "tel" | "email"; label: string; name: string; required: boolean; options?: { value: string; label: string; }[] | undefined; validation?: { ...; } | undefined; placeholder?: string | undefined; }'.
client/src/pages/admin/CrmWorkspace.tsx(421,3): error TS2353: Object literal may only specify known properties, and '"--sidebar-width"' does not exist in type 'Properties<string | number, string & {}>'.
client/src/pages/admin/MediaLibrary.tsx(204,22): error TS18046: 'projects' is of type 'unknown'.
client/src/pages/admin/MediaLibrary.tsx(204,36): error TS7006: Parameter 'project' implicitly has an 'any' type.
client/src/pages/admin/MediaLibrary.tsx(239,28): error TS18046: 'projects' is of type 'unknown'.
client/src/pages/admin/MediaLibrary.tsx(314,22): error TS18046: 'projects' is of type 'unknown'.
client/src/pages/admin/MediaLibrary.tsx(338,100): error TS2322: Type 'unknown' is not assignable to type '{ tenantId: string; title: string; id: string; slug: string; createdAt: Date; thumbnailUrl: string | null; clientName: string | null; categories: string[] | null; challengeText: string | null; ... 9 more ...; assetPlan: { ...; }[] | null; }[]'.
client/src/pages/admin/MediaLibrary.tsx(342,363): error TS2322: Type 'unknown' is not assignable to type '{ tenantId: string; title: string; id: string; slug: string; createdAt: Date; thumbnailUrl: string | null; clientName: string | null; categories: string[] | null; challengeText: string | null; ... 9 more ...; assetPlan: { ...; }[] | null; }[]'.
client/src/pages/admin/MediaLibrary.tsx(346,363): error TS2322: Type 'unknown' is not assignable to type '{ tenantId: string; title: string; id: string; slug: string; createdAt: Date; thumbnailUrl: string | null; clientName: string | null; categories: string[] | null; challengeText: string | null; ... 9 more ...; assetPlan: { ...; }[] | null; }[]'.
client/src/pages/admin/MediaLibrary.tsx(350,363): error TS2322: Type 'unknown' is not assignable to type '{ tenantId: string; title: string; id: string; slug: string; createdAt: Date; thumbnailUrl: string | null; clientName: string | null; categories: string[] | null; challengeText: string | null; ... 9 more ...; assetPlan: { ...; }[] | null; }[]'.
client/src/pages/admin/MediaLibrary.tsx(354,372): error TS2322: Type 'unknown' is not assignable to type '{ tenantId: string; title: string; id: string; slug: string; createdAt: Date; thumbnailUrl: string | null; clientName: string | null; categories: string[] | null; challengeText: string | null; ... 9 more ...; assetPlan: { ...; }[] | null; }[]'.
client/src/pages/admin/ProjectForm.tsx(306,34): error TS2322: Type '{ onChange: (...event: any[]) => void; onBlur: Noop; value: string | null | undefined; disabled: boolean; name: "clientName"; ref: RefCallBack; placeholder: string; "data-testid": string; }' is not assignable to type 'Omit<DetailedHTMLProps<InputHTMLAttributes<HTMLInputElement>, HTMLInputElement>, "ref">'.
  Types of property 'value' are incompatible.
    Type 'string | null | undefined' is not assignable to type 'string | number | readonly string[] | undefined'.
      Type 'null' is not assignable to type 'string | number | readonly string[] | undefined'.
client/src/pages/admin/ProjectForm.tsx(325,34): error TS2322: Type '{ onChange: (...event: any[]) => void; onBlur: Noop; value: string | null | undefined; disabled: boolean; name: "thumbnailUrl"; ref: RefCallBack; placeholder: string; "data-testid": string; }' is not assignable to type 'Omit<DetailedHTMLProps<InputHTMLAttributes<HTMLInputElement>, HTMLInputElement>, "ref">'.
  Types of property 'value' are incompatible.
    Type 'string | null | undefined' is not assignable to type 'string | number | readonly string[] | undefined'.
      Type 'null' is not assignable to type 'string | number | readonly string[] | undefined'.
client/src/pages/admin/ProjectForm.tsx(396,32): error TS2322: Type '{ onChange: (...event: any[]) => void; onBlur: Noop; value: string | null | undefined; disabled: boolean; name: "challengeText"; ref: RefCallBack; placeholder: string; className: string; "data-testid": string; }' is not assignable to type 'Omit<DetailedHTMLProps<TextareaHTMLAttributes<HTMLTextAreaElement>, HTMLTextAreaElement>, "ref">'.
  Types of property 'value' are incompatible.
    Type 'string | null | undefined' is not assignable to type 'string | number | readonly string[] | undefined'.
      Type 'null' is not assignable to type 'string | number | readonly string[] | undefined'.
client/src/pages/admin/ProjectForm.tsx(416,32): error TS2322: Type '{ onChange: (...event: any[]) => void; onBlur: Noop; value: string | null | undefined; disabled: boolean; name: "solutionText"; ref: RefCallBack; placeholder: string; className: string; "data-testid": string; }' is not assignable to type 'Omit<DetailedHTMLProps<TextareaHTMLAttributes<HTMLTextAreaElement>, HTMLTextAreaElement>, "ref">'.
  Types of property 'value' are incompatible.
    Type 'string | null | undefined' is not assignable to type 'string | number | readonly string[] | undefined'.
      Type 'null' is not assignable to type 'string | number | readonly string[] | undefined'.
client/src/pages/admin/ProjectForm.tsx(436,32): error TS2322: Type '{ onChange: (...event: any[]) => void; onBlur: Noop; value: string | null | undefined; disabled: boolean; name: "outcomeText"; ref: RefCallBack; placeholder: string; className: string; "data-testid": string; }' is not assignable to type 'Omit<DetailedHTMLProps<TextareaHTMLAttributes<HTMLTextAreaElement>, HTMLTextAreaElement>, "ref">'.
  Types of property 'value' are incompatible.
    Type 'string | null | undefined' is not assignable to type 'string | number | readonly string[] | undefined'.
      Type 'null' is not assignable to type 'string | number | readonly string[] | undefined'.
client/src/pages/admin/ProjectForm.tsx(541,32): error TS2322: Type '{ onChange: (...event: any[]) => void; onBlur: Noop; value: string | null | undefined; disabled: boolean; name: "testimonialText"; ref: RefCallBack; placeholder: string; className: string; "data-testid": string; }' is not assignable to type 'Omit<DetailedHTMLProps<TextareaHTMLAttributes<HTMLTextAreaElement>, HTMLTextAreaElement>, "ref">'.
  Types of property 'value' are incompatible.
    Type 'string | null | undefined' is not assignable to type 'string | number | readonly string[] | undefined'.
      Type 'null' is not assignable to type 'string | number | readonly string[] | undefined'.
client/src/pages/admin/ProjectForm.tsx(561,32): error TS2322: Type '{ onChange: (...event: any[]) => void; onBlur: Noop; value: string | null | undefined; disabled: boolean; name: "testimonialAuthor"; ref: RefCallBack; placeholder: string; "data-testid": string; }' is not assignable to type 'Omit<DetailedHTMLProps<InputHTMLAttributes<HTMLInputElement>, HTMLInputElement>, "ref">'.
  Types of property 'value' are incompatible.
    Type 'string | null | undefined' is not assignable to type 'string | number | readonly string[] | undefined'.
      Type 'null' is not assignable to type 'string | number | readonly string[] | undefined'.
client/src/pages/admin/ProjectSceneEditor.tsx(144,47): error TS2339: Property 'id' does not exist on type '{}'.
client/src/pages/admin/ProjectSceneEditor.tsx(411,7): error TS2322: Type '{}' is not assignable to type '{ body: string; heading: string; headingLevel: "h2" | "h3" | "h1" | "h4" | "h5" | "h6"; metaDescription?: string | undefined; } | { alt: string; url: string; title?: string | undefined; mediaId?: string | undefined; } | ... 5 more ... | ({ ...; } & { ...; })'.
client/src/pages/admin/ProjectSceneEditor.tsx(415,65): error TS2339: Property 'heading' does not exist on type '{ body: string; heading: string; headingLevel: "h2" | "h3" | "h1" | "h4" | "h5" | "h6"; metaDescription?: string | undefined; } | { alt: string; url: string; title?: string | undefined; mediaId?: string | undefined; } | ... 5 more ... | ({ ...; } & { ...; })'.
  Property 'heading' does not exist on type '{ alt: string; url: string; title?: string | undefined; mediaId?: string | undefined; }'.
client/src/pages/admin/ProjectSceneEditor.tsx(416,62): error TS2339: Property 'body' does not exist on type '{ body: string; heading: string; headingLevel: "h2" | "h3" | "h1" | "h4" | "h5" | "h6"; metaDescription?: string | undefined; } | { alt: string; url: string; title?: string | undefined; mediaId?: string | undefined; } | ... 5 more ... | ({ ...; } & { ...; })'.
  Property 'body' does not exist on type '{ alt: string; url: string; title?: string | undefined; mediaId?: string | undefined; }'.
client/src/pages/admin/ProjectSceneEditor.tsx(417,61): error TS2339: Property 'url' does not exist on type '{ body: string; heading: string; headingLevel: "h2" | "h3" | "h1" | "h4" | "h5" | "h6"; metaDescription?: string | undefined; } | { alt: string; url: string; title?: string | undefined; mediaId?: string | undefined; } | ... 5 more ... | ({ ...; } & { ...; })'.
  Property 'url' does not exist on type '{ body: string; heading: string; headingLevel: "h2" | "h3" | "h1" | "h4" | "h5" | "h6"; metaDescription?: string | undefined; }'.
client/src/pages/admin/ProjectSceneEditor.tsx(418,63): error TS2339: Property 'media' does not exist on type '{ body: string; heading: string; headingLevel: "h2" | "h3" | "h1" | "h4" | "h5" | "h6"; metaDescription?: string | undefined; } | { alt: string; url: string; title?: string | undefined; mediaId?: string | undefined; } | ... 5 more ... | ({ ...; } & { ...; })'.
  Property 'media' does not exist on type '{ body: string; heading: string; headingLevel: "h2" | "h3" | "h1" | "h4" | "h5" | "h6"; metaDescription?: string | undefined; }'.
client/src/pages/admin/ProjectSceneEditor.tsx(419,65): error TS2339: Property 'caption' does not exist on type '{ body: string; heading: string; headingLevel: "h2" | "h3" | "h1" | "h4" | "h5" | "h6"; metaDescription?: string | undefined; } | { alt: string; url: string; title?: string | undefined; mediaId?: string | undefined; } | ... 5 more ... | ({ ...; } & { ...; })'.
  Property 'caption' does not exist on type '{ body: string; heading: string; headingLevel: "h2" | "h3" | "h1" | "h4" | "h5" | "h6"; metaDescription?: string | undefined; }'.
client/src/pages/admin/ProjectSceneEditor.tsx(420,63): error TS2339: Property 'quote' does not exist on type '{ body: string; heading: string; headingLevel: "h2" | "h3" | "h1" | "h4" | "h5" | "h6"; metaDescription?: string | undefined; } | { alt: string; url: string; title?: string | undefined; mediaId?: string | undefined; } | ... 5 more ... | ({ ...; } & { ...; })'.
  Property 'quote' does not exist on type '{ body: string; heading: string; headingLevel: "h2" | "h3" | "h1" | "h4" | "h5" | "h6"; metaDescription?: string | undefined; }'.
client/src/pages/admin/ProjectSceneEditor.tsx(421,64): error TS2339: Property 'author' does not exist on type '{ body: string; heading: string; headingLevel: "h2" | "h3" | "h1" | "h4" | "h5" | "h6"; metaDescription?: string | undefined; } | { alt: string; url: string; title?: string | undefined; mediaId?: string | undefined; } | ... 5 more ... | ({ ...; } & { ...; })'.
  Property 'author' does not exist on type '{ body: string; heading: string; headingLevel: "h2" | "h3" | "h1" | "h4" | "h5" | "h6"; metaDescription?: string | undefined; }'.
client/src/pages/admin/ProjectSceneEditor.tsx(422,62): error TS2339: Property 'role' does not exist on type '{ body: string; heading: string; headingLevel: "h2" | "h3" | "h1" | "h4" | "h5" | "h6"; metaDescription?: string | undefined; } | { alt: string; url: string; title?: string | undefined; mediaId?: string | undefined; } | ... 5 more ... | ({ ...; } & { ...; })'.
  Property 'role' does not exist on type '{ body: string; heading: string; headingLevel: "h2" | "h3" | "h1" | "h4" | "h5" | "h6"; metaDescription?: string | undefined; }'.
client/src/pages/admin/ProjectSceneEditor.tsx(426,27): error TS2339: Property 'images' does not exist on type '{ body: string; heading: string; headingLevel: "h2" | "h3" | "h1" | "h4" | "h5" | "h6"; metaDescription?: string | undefined; } | { alt: string; url: string; title?: string | undefined; mediaId?: string | undefined; } | ... 5 more ... | ({ ...; } & { ...; })'.
  Property 'images' does not exist on type '{ body: string; heading: string; headingLevel: "h2" | "h3" | "h1" | "h4" | "h5" | "h6"; metaDescription?: string | undefined; }'.
client/src/pages/admin/ProjectSceneEditor.tsx(434,67): error TS2339: Property 'mediaType' does not exist on type '{ body: string; heading: string; headingLevel: "h2" | "h3" | "h1" | "h4" | "h5" | "h6"; metaDescription?: string | undefined; } | { alt: string; url: string; title?: string | undefined; mediaId?: string | undefined; } | ... 5 more ... | ({ ...; } & { ...; })'.
  Property 'mediaType' does not exist on type '{ body: string; heading: string; headingLevel: "h2" | "h3" | "h1" | "h4" | "h5" | "h6"; metaDescription?: string | undefined; }'.
client/src/pages/admin/ProjectSceneEditor.tsx(435,64): error TS2339: Property 'layout' does not exist on type '{ body: string; heading: string; headingLevel: "h2" | "h3" | "h1" | "h4" | "h5" | "h6"; metaDescription?: string | undefined; } | { alt: string; url: string; title?: string | undefined; mediaId?: string | undefined; } | ... 5 more ... | ({ ...; } & { ...; })'.
  Property 'layout' does not exist on type '{ body: string; heading: string; headingLevel: "h2" | "h3" | "h1" | "h4" | "h5" | "h6"; metaDescription?: string | undefined; }'.
client/src/pages/admin/ProjectSceneEditor.tsx(436,65): error TS2339: Property 'overlay' does not exist on type '{ body: string; heading: string; headingLevel: "h2" | "h3" | "h1" | "h4" | "h5" | "h6"; metaDescription?: string | undefined; } | { alt: string; url: string; title?: string | undefined; mediaId?: string | undefined; } | ... 5 more ... | ({ ...; } & { ...; })'.
  Property 'overlay' does not exist on type '{ body: string; heading: string; headingLevel: "h2" | "h3" | "h1" | "h4" | "h5" | "h6"; metaDescription?: string | undefined; }'.
client/src/pages/admin/ProjectSceneEditor.tsx(439,65): error TS2339: Property 'mediaId' does not exist on type '{ body: string; heading: string; headingLevel: "h2" | "h3" | "h1" | "h4" | "h5" | "h6"; metaDescription?: string | undefined; } | { alt: string; url: string; title?: string | undefined; mediaId?: string | undefined; } | ... 5 more ... | ({ ...; } & { ...; })'.
  Property 'mediaId' does not exist on type '{ body: string; heading: string; headingLevel: "h2" | "h3" | "h1" | "h4" | "h5" | "h6"; metaDescription?: string | undefined; }'.
client/src/pages/admin/ProjectSceneEditor.tsx(440,70): error TS2339: Property 'mediaMediaId' does not exist on type '{ body: string; heading: string; headingLevel: "h2" | "h3" | "h1" | "h4" | "h5" | "h6"; metaDescription?: string | undefined; } | { alt: string; url: string; title?: string | undefined; mediaId?: string | undefined; } | ... 5 more ... | ({ ...; } & { ...; })'.
  Property 'mediaMediaId' does not exist on type '{ body: string; heading: string; headingLevel: "h2" | "h3" | "h1" | "h4" | "h5" | "h6"; metaDescription?: string | undefined; }'.
client/src/pages/admin/ProjectSceneEditor.tsx(444,19): error TS2339: Property 'director' does not exist on type '{ type: "text"; content: { body: string; heading: string; headingLevel: "h2" | "h3" | "h1" | "h4" | "h5" | "h6"; metaDescription?: string | undefined; }; } | { type: "image"; content: { alt: string; url: string; title?: string | undefined; mediaId?: string | undefined; }; } | ... 5 more ... | { ...; }'.
  Property 'director' does not exist on type '{ type: "text"; content: { body: string; heading: string; headingLevel: "h2" | "h3" | "h1" | "h4" | "h5" | "h6"; metaDescription?: string | undefined; }; }'.
client/src/pages/admin/ProjectSceneEditor.tsx(448,48): error TS2339: Property 'mediaId' does not exist on type '{ body: string; heading: string; headingLevel: "h2" | "h3" | "h1" | "h4" | "h5" | "h6"; metaDescription?: string | undefined; } | { alt: string; url: string; title?: string | undefined; mediaId?: string | undefined; } | ... 5 more ... | ({ ...; } & { ...; })'.
  Property 'mediaId' does not exist on type '{ body: string; heading: string; headingLevel: "h2" | "h3" | "h1" | "h4" | "h5" | "h6"; metaDescription?: string | undefined; }'.
client/src/pages/admin/ProjectSceneEditor.tsx(449,46): error TS2339: Property 'mediaMediaId' does not exist on type '{ body: string; heading: string; headingLevel: "h2" | "h3" | "h1" | "h4" | "h5" | "h6"; metaDescription?: string | undefined; } | { alt: string; url: string; title?: string | undefined; mediaId?: string | undefined; } | ... 5 more ... | ({ ...; } & { ...; })'.
  Property 'mediaMediaId' does not exist on type '{ body: string; heading: string; headingLevel: "h2" | "h3" | "h1" | "h4" | "h5" | "h6"; metaDescription?: string | undefined; }'.
client/src/pages/admin/ProjectSceneEditor.tsx(450,53): error TS2339: Property 'images' does not exist on type '{ body: string; heading: string; headingLevel: "h2" | "h3" | "h1" | "h4" | "h5" | "h6"; metaDescription?: string | undefined; } | { alt: string; url: string; title?: string | undefined; mediaId?: string | undefined; } | ... 5 more ... | ({ ...; } & { ...; })'.
  Property 'images' does not exist on type '{ body: string; heading: string; headingLevel: "h2" | "h3" | "h1" | "h4" | "h5" | "h6"; metaDescription?: string | undefined; }'.
client/src/pages/admin/ProjectSceneEditor.tsx(450,68): error TS7006: Parameter 'img' implicitly has an 'any' type.
client/src/pages/admin/ProjectSceneEditor.tsx(677,9): error TS2322: Type 'string' is not assignable to type '"video" | "image" | "text" | "split" | "quote" | "gallery" | "fullscreen" | "component"'.
client/src/pages/admin/ProjectSceneEditor.tsx(838,37): error TS2322: Type 'Dispatch<SetStateAction<"details" | "prompts" | "scenes" | "ai" | "advanced">>' is not assignable to type '(value: string) => void'.
  Types of parameters 'value' and 'value' are incompatible.
    Type 'string' is not assignable to type 'SetStateAction<"details" | "prompts" | "scenes" | "ai" | "advanced">'.
client/src/pages/admin/ProjectSceneEditor.tsx(1167,65): error TS2488: Type '{ url: string; caption?: string | undefined; alt?: string | undefined; mediaId?: string | undefined; }[] | undefined' must have a '[Symbol.iterator]()' method that returns an iterator.
client/src/pages/admin/ProjectSceneEditor.tsx(1562,31): error TS2322: Type 'Dispatch<SetStateAction<"details" | "prompts" | "scenes" | "ai" | "advanced">>' is not assignable to type '(value: string) => void'.
  Types of parameters 'value' and 'value' are incompatible.
    Type 'string' is not assignable to type 'SetStateAction<"details" | "prompts" | "scenes" | "ai" | "advanced">'.
client/src/pages/admin/TestimonialForm.tsx(356,32): error TS2322: Type '{ onChange: (...event: any[]) => void; onBlur: Noop; value: string | null | undefined; disabled?: boolean | undefined; name: "avatarUrl"; ref: RefCallBack; placeholder: string; "data-testid": string; }' is not assignable to type 'Omit<DetailedHTMLProps<InputHTMLAttributes<HTMLInputElement>, HTMLInputElement>, "ref">'.
  Types of property 'value' are incompatible.
    Type 'string | null | undefined' is not assignable to type 'string | number | readonly string[] | undefined'.
      Type 'null' is not assignable to type 'string | number | readonly string[] | undefined'.
client/src/pages/admin/TestimonialForm.tsx(377,32): error TS2322: Type '{ onChange: (...event: any[]) => void; onBlur: Noop; value: string | null | undefined; disabled?: boolean | undefined; name: "companyLogo"; ref: RefCallBack; placeholder: string; "data-testid": string; }' is not assignable to type 'Omit<DetailedHTMLProps<InputHTMLAttributes<HTMLInputElement>, HTMLInputElement>, "ref">'.
  Types of property 'value' are incompatible.
    Type 'string | null | undefined' is not assignable to type 'string | number | readonly string[] | undefined'.
      Type 'null' is not assignable to type 'string | number | readonly string[] | undefined'.
client/src/pages/admin/TestimonialForm.tsx(398,32): error TS2322: Type '{ onChange: (...event: any[]) => void; onBlur: Noop; value: string | null | undefined; disabled?: boolean | undefined; name: "metrics"; ref: RefCallBack; placeholder: string; "data-testid": string; }' is not assignable to type 'Omit<DetailedHTMLProps<InputHTMLAttributes<HTMLInputElement>, HTMLInputElement>, "ref">'.
  Types of property 'value' are incompatible.
    Type 'string | null | undefined' is not assignable to type 'string | number | readonly string[] | undefined'.
      Type 'null' is not assignable to type 'string | number | readonly string[] | undefined'.
client/src/pages/admin/TestimonialForm.tsx(419,32): error TS2322: Type '{ onChange: (...event: any[]) => void; onBlur: Noop; value: string | null | undefined; disabled?: boolean | undefined; name: "industry"; ref: RefCallBack; placeholder: string; "data-testid": string; }' is not assignable to type 'Omit<DetailedHTMLProps<InputHTMLAttributes<HTMLInputElement>, HTMLInputElement>, "ref">'.
  Types of property 'value' are incompatible.
    Type 'string | null | undefined' is not assignable to type 'string | number | readonly string[] | undefined'.
      Type 'null' is not assignable to type 'string | number | readonly string[] | undefined'.
client/src/pages/admin/TestimonialForm.tsx(437,32): error TS2322: Type '{ onChange: (...event: any[]) => void; onBlur: Noop; value: string | null | undefined; disabled?: boolean | undefined; name: "companySize"; ref: RefCallBack; placeholder: string; "data-testid": string; }' is not assignable to type 'Omit<DetailedHTMLProps<InputHTMLAttributes<HTMLInputElement>, HTMLInputElement>, "ref">'.
  Types of property 'value' are incompatible.
    Type 'string | null | undefined' is not assignable to type 'string | number | readonly string[] | undefined'.
      Type 'null' is not assignable to type 'string | number | readonly string[] | undefined'.
client/src/pages/admin/UnifiedCreator.tsx(173,31): error TS2304: Cannot find name 'normalizeState'.
client/src/pages/admin/UnifiedCreator.tsx(182,41): error TS2304: Cannot find name 'normalizeState'.
client/src/pages/admin/UnifiedCreator.tsx(243,44): error TS7006: Parameter 'value' implicitly has an 'any' type.
client/src/pages/admin/UnifiedCreator.tsx(290,25): error TS2304: Cannot find name 'buildBlogDraftPayload'.
client/src/pages/admin/UnifiedCreator.tsx(300,25): error TS2304: Cannot find name 'buildVideoDraftPayload'.
client/src/pages/admin/UnifiedCreator.tsx(310,25): error TS2304: Cannot find name 'buildProjectPayload'.
client/src/pages/admin/UnifiedCreator.tsx(320,25): error TS2304: Cannot find name 'buildSectionSnippet'.
client/src/pages/admin/UnifiedCreator.tsx(321,15): error TS2304: Cannot find name 'copyText'.
client/src/pages/admin/UnifiedCreator.tsx(341,24): error TS2304: Cannot find name 'validateBeforeHandoff'.
client/src/pages/admin/UnifiedCreator.tsx(464,44): error TS7006: Parameter 'category' implicitly has an 'any' type.
client/src/pages/admin/UnifiedCreator.tsx(526,35): error TS2304: Cannot find name 'slugify'.
client/src/pages/admin/UnifiedCreator.tsx(538,54): error TS2304: Cannot find name 'slugify'.
client/src/pages/admin/UnifiedCreator.tsx(588,29): error TS7006: Parameter 'asset' implicitly has an 'any' type.
client/src/pages/admin/UnifiedCreator.tsx(706,19): error TS2304: Cannot find name 'copyText'.
client/src/pages/admin/UnifiedCreator.tsx(896,45): error TS7006: Parameter 'asset' implicitly has an 'any' type.
client/src/pages/blog/BlogPostPage.tsx(42,24): error TS2339: Property 'tags' does not exist on type '{ tenantId: string; title: string; id: string; content: string; slug: string; updatedAt: Date; excerpt: string; author: string; featuredImage: string | null; videoUrl: string | null; category: string | null; ... 5 more ...; canonicalUrl: string | null; }'.
client/src/pages/blog/BlogPostPage.tsx(44,9): error TS2322: Type 'string | null' is not assignable to type 'string | undefined'.
  Type 'null' is not assignable to type 'string | undefined'.
client/src/pages/blog/BlogPostPage.tsx(49,9): error TS2322: Type 'Date' is not assignable to type 'string'.
client/src/pages/blog/BlogPostPage.tsx(50,9): error TS2322: Type 'Date' is not assignable to type 'string'.
client/src/pages/blog/BlogPostPage.tsx(52,9): error TS2322: Type 'string | null' is not assignable to type 'string | undefined'.
  Type 'null' is not assignable to type 'string | undefined'.
client/src/pages/blog/BlogPostPage.tsx(62,19): error TS2322: Type 'Date' is not assignable to type 'string'.
client/src/pages/blog/BlogPostPage.tsx(92,25): error TS2322: Type '{ postId: string; }' is not assignable to type 'IntrinsicAttributes & RelatedContentProps'.
  Property 'postId' does not exist on type 'IntrinsicAttributes & RelatedContentProps'.
client/src/pages/branding/BrandingProjectPage.tsx(1,52): error TS2304: Cannot find name 'useQuery'.
client/src/pages/branding/BrandingProjectPage.tsx(2,42): error TS2304: Cannot find name 'projectId'.
client/src/pages/branding/BrandingProjectPage.tsx(4,62): error TS2304: Cannot find name 'projectId'.
client/src/pages/branding/BrandingProjectPage.tsx(8,16): error TS2304: Cannot find name 'projectId'.
client/src/pages/BrandingPage.tsx(11,33): error TS2307: Cannot find module '@/types/branding' or its corresponding type declarations.
client/src/pages/BrandingPage.tsx(37,13): error TS2322: Type '{ title: string; message: string; suggestion: string; onRetry: () => void; }' is not assignable to type 'IntrinsicAttributes & ErrorMessageProps'.
  Property 'suggestion' does not exist on type 'IntrinsicAttributes & ErrorMessageProps'. Did you mean 'suggestions'?
client/src/pages/BrandingProjectPage.tsx(161,5): error TS2769: No overload matches this call.
  Overload 1 of 3, '(options: DefinedInitialDataOptions<ProjectScene[], Error, ProjectScene[], QueryKey>, queryClient?: QueryClient | undefined): DefinedUseQueryResult<...>', gave the following error.
    Object literal may only specify known properties, and 'onSuccess' does not exist in type 'DefinedInitialDataOptions<ProjectScene[], Error, ProjectScene[], QueryKey>'.
  Overload 2 of 3, '(options: UndefinedInitialDataOptions<ProjectScene[], Error, ProjectScene[], QueryKey>, queryClient?: QueryClient | undefined): UseQueryResult<...>', gave the following error.
    Object literal may only specify known properties, and 'onSuccess' does not exist in type 'UndefinedInitialDataOptions<ProjectScene[], Error, ProjectScene[], QueryKey>'.
  Overload 3 of 3, '(options: UseQueryOptions<ProjectScene[], Error, ProjectScene[], QueryKey>, queryClient?: QueryClient | undefined): UseQueryResult<...>', gave the following error.
    Object literal may only specify known properties, and 'onSuccess' does not exist in type 'UseQueryOptions<ProjectScene[], Error, ProjectScene[], QueryKey>'.
client/src/pages/BrandingProjectPage.tsx(161,17): error TS7006: Parameter 'data' implicitly has an 'any' type.
client/src/pages/BrandingProjectPage.tsx(175,27): error TS2339: Property 'length' does not exist on type 'NonNullable<TQueryFnData>'.
client/src/pages/BrandingProjectPage.tsx(178,12): error TS2339: Property 'forEach' does not exist on type 'NonNullable<TQueryFnData>'.
client/src/pages/BrandingProjectPage.tsx(178,21): error TS7006: Parameter 'scene' implicitly has an 'any' type.
client/src/pages/BrandingProjectPage.tsx(178,28): error TS7006: Parameter 'index' implicitly has an 'any' type.
client/src/pages/BrandingProjectPage.tsx(304,21): error TS7053: Element implicitly has an 'any' type because expression of type 'number' can't be used to index type '{}'.
  No index signature with a parameter of type 'number' was found on type '{}'.
client/src/pages/BrandingProjectPage.tsx(508,49): error TS2339: Property 'length' does not exist on type 'NonNullable<TQueryFnData>'.
client/src/pages/BrandingProjectPage.tsx(541,63): error TS2339: Property 'length' does not exist on type 'NonNullable<TQueryFnData>'.
client/src/pages/BrandingProjectPage.tsx(554,32): error TS2339: Property 'length' does not exist on type 'NonNullable<TQueryFnData>'.
client/src/pages/BrandingProjectPage.tsx(559,68): error TS2339: Property 'length' does not exist on type 'NonNullable<TQueryFnData>'.
client/src/pages/BrandingProjectPage.tsx(670,26): error TS2339: Property 'map' does not exist on type 'NonNullable<TQueryFnData>'.
client/src/pages/BrandingProjectPage.tsx(670,31): error TS7006: Parameter 'scene' implicitly has an 'any' type.
client/src/pages/BrandingProjectPage.tsx(670,38): error TS7006: Parameter 'index' implicitly has an 'any' type.
client/src/pages/BrandingProjectPage.tsx(725,27): error TS2339: Property 'length' does not exist on type 'NonNullable<TQueryFnData>'.
client/src/pages/BrandingProjectPage.tsx(726,18): error TS2339: Property 'map' does not exist on type 'NonNullable<TQueryFnData>'.
client/src/pages/BrandingProjectPage.tsx(726,23): error TS7006: Parameter 'scene' implicitly has an 'any' type.
client/src/pages/BrandingProjectPage.tsx(726,30): error TS7006: Parameter 'index' implicitly has an 'any' type.
client/src/pages/PreviewPortfolio.tsx(78,22): error TS2339: Property 'entryEffect' does not exist on type '{ entryDuration: number; exitDuration: number; entryDelay: number; exitDelay: number; fadeOnScroll: boolean; scaleOnScroll: boolean; blurOnScroll: boolean; fontWeight?: "bold" | "normal" | "medium" | "semibold" | undefined; ... 10 more ...; animationEasing?: "ease" | ... 11 more ... | undefined; }'.
client/src/pages/PreviewPortfolio.tsx(78,46): error TS2339: Property 'entryEffect' does not exist on type '{ entryDuration: number; exitDuration: number; entryDelay: number; exitDelay: number; fadeOnScroll: boolean; scaleOnScroll: boolean; blurOnScroll: boolean; fontWeight?: "bold" | "normal" | "medium" | "semibold" | undefined; ... 10 more ...; animationEasing?: "ease" | ... 11 more ... | undefined; }'.
client/src/pages/PreviewPortfolio.tsx(82,27): error TS2339: Property 'entryEffect' does not exist on type '{ entryDuration: number; exitDuration: number; entryDelay: number; exitDelay: number; fadeOnScroll: boolean; scaleOnScroll: boolean; blurOnScroll: boolean; fontWeight?: "bold" | "normal" | "medium" | "semibold" | undefined; ... 10 more ...; animationEasing?: "ease" | ... 11 more ... | undefined; }'.
client/src/pages/PreviewPortfolio.tsx(198,17): error TS2322: Type '{ scene: { type: string; content: any; layout?: string | undefined; animation?: string | undefined; director?: { entryDuration: number; exitDuration: number; entryDelay: number; exitDelay: number; ... 14 more ...; animationEasing?: "ease" | ... 11 more ... | undefined; } | undefined; }; index: number; isPreview: boo...' is not assignable to type 'IntrinsicAttributes & ComponentSceneProps'.
  Property 'scene' does not exist on type 'IntrinsicAttributes & ComponentSceneProps'.
client/src/pages/ROICalculator.tsx(186,50): error TS2345: Argument of type '{ method: string; body: string; headers: { 'Content-Type': string; }; }' is not assignable to parameter of type 'string'.
server/config/env.ts(6,7): error TS2769: No overload matches this call.
  Overload 1 of 2, '(def: "development" | "production" | "test"): ZodDefault<ZodEnum<["development", "production", "test"]>>', gave the following error.
    Argument of type 'string' is not assignable to parameter of type '"development" | "production" | "test"'.
  Overload 2 of 2, '(def: () => "development" | "production" | "test"): ZodDefault<ZodEnum<["development", "production", "test"]>>', gave the following error.
    Argument of type 'string' is not assignable to parameter of type '() => "development" | "production" | "test"'.
server/lib/SystemLibrary.ts(57,9): error TS2322: Type '"power3.out"' is not assignable to type '"ease" | "ease-in" | "ease-in-out" | "ease-out" | "linear" | "power1" | "power2" | "power3" | "power4" | "back" | "elastic" | "bounce" | undefined'.
server/lib/SystemLibrary.ts(96,9): error TS2322: Type '"power2.inOut"' is not assignable to type '"ease" | "ease-in" | "ease-in-out" | "ease-out" | "linear" | "power1" | "power2" | "power3" | "power4" | "back" | "elastic" | "bounce" | undefined'.
server/lib/SystemLibrary.ts(128,9): error TS2322: Type '"power2.inOut"' is not assignable to type '"ease" | "ease-in" | "ease-in-out" | "ease-out" | "linear" | "power1" | "power2" | "power3" | "power4" | "back" | "elastic" | "bounce" | undefined'.
server/lib/SystemLibrary.ts(166,9): error TS2322: Type '"power2.out"' is not assignable to type '"ease" | "ease-in" | "ease-in-out" | "ease-out" | "linear" | "power1" | "power2" | "power3" | "power4" | "back" | "elastic" | "bounce" | undefined'.
server/lib/SystemLibrary.ts(197,9): error TS2322: Type '"circ.out"' is not assignable to type '"ease" | "ease-in" | "ease-in-out" | "ease-out" | "linear" | "power1" | "power2" | "power3" | "power4" | "back" | "elastic" | "bounce" | undefined'.
server/lib/SystemLibrary.ts(233,9): error TS2322: Type '"power2.inOut"' is not assignable to type '"ease" | "ease-in" | "ease-in-out" | "ease-out" | "linear" | "power1" | "power2" | "power3" | "power4" | "back" | "elastic" | "bounce" | undefined'.
server/lib/SystemLibrary.ts(265,9): error TS2322: Type '"power2.inOut"' is not assignable to type '"ease" | "ease-in" | "ease-in-out" | "ease-out" | "linear" | "power1" | "power2" | "power3" | "power4" | "back" | "elastic" | "bounce" | undefined'.
server/lib/SystemLibrary.ts(306,9): error TS2322: Type '"circ.out"' is not assignable to type '"ease" | "ease-in" | "ease-in-out" | "ease-out" | "linear" | "power1" | "power2" | "power3" | "power4" | "back" | "elastic" | "bounce" | undefined'.
server/lib/SystemLibrary.ts(335,9): error TS2322: Type '"power2.out"' is not assignable to type '"ease" | "ease-in" | "ease-in-out" | "ease-out" | "linear" | "power1" | "power2" | "power3" | "power4" | "back" | "elastic" | "bounce" | undefined'.
server/lib/SystemLibrary.ts(373,7): error TS2322: Type '"power2.out"' is not assignable to type '"ease" | "ease-in" | "ease-in-out" | "ease-out" | "linear" | "power1" | "power2" | "power3" | "power4" | "back" | "elastic" | "bounce" | undefined'.
server/lib/SystemLibrary.ts(413,9): error TS2322: Type '"power2.inOut"' is not assignable to type '"ease" | "ease-in" | "ease-in-out" | "ease-out" | "linear" | "power1" | "power2" | "power3" | "power4" | "back" | "elastic" | "bounce" | undefined'.
server/lib/SystemLibrary.ts(445,9): error TS2322: Type '"power3.inOut"' is not assignable to type '"ease" | "ease-in" | "ease-in-out" | "ease-out" | "linear" | "power1" | "power2" | "power3" | "power4" | "back" | "elastic" | "bounce" | undefined'.
server/lib/SystemLibrary.ts(487,9): error TS2322: Type '"power2.out"' is not assignable to type '"ease" | "ease-in" | "ease-in-out" | "ease-out" | "linear" | "power1" | "power2" | "power3" | "power4" | "back" | "elastic" | "bounce" | undefined'.
server/lib/SystemLibrary.ts(521,9): error TS2322: Type '"steps(20)"' is not assignable to type '"ease" | "ease-in" | "ease-in-out" | "ease-out" | "linear" | "power1" | "power2" | "power3" | "power4" | "back" | "elastic" | "bounce" | undefined'.
server/lib/SystemLibrary.ts(556,7): error TS2322: Type '"power3.inOut"' is not assignable to type '"ease" | "ease-in" | "ease-in-out" | "ease-out" | "linear" | "power1" | "power2" | "power3" | "power4" | "back" | "elastic" | "bounce" | undefined'.
server/lib/SystemLibrary.ts(599,9): error TS2322: Type '"back.out(1.7)"' is not assignable to type '"ease" | "ease-in" | "ease-in-out" | "ease-out" | "linear" | "power1" | "power2" | "power3" | "power4" | "back" | "elastic" | "bounce" | undefined'.
server/lib/SystemLibrary.ts(631,9): error TS2322: Type '"power2.inOut"' is not assignable to type '"ease" | "ease-in" | "ease-in-out" | "ease-out" | "linear" | "power1" | "power2" | "power3" | "power4" | "back" | "elastic" | "bounce" | undefined'.
server/lib/SystemLibrary.ts(668,7): error TS2322: Type '"power2.out"' is not assignable to type '"ease" | "ease-in" | "ease-in-out" | "ease-out" | "linear" | "power1" | "power2" | "power3" | "power4" | "back" | "elastic" | "bounce" | undefined'.
server/lib/SystemLibrary.ts(702,7): error TS2322: Type '"power2.inOut"' is not assignable to type '"ease" | "ease-in" | "ease-in-out" | "ease-out" | "linear" | "power1" | "power2" | "power3" | "power4" | "back" | "elastic" | "bounce" | undefined'.
server/middleware/cors.ts(1,40): error TS7016: Could not find a declaration file for module 'cors'. '/Users/caleb/Desktop/Revenue Party Website 11:19:25/node_modules/cors/lib/index.js' implicitly has an 'any' type.
  Try `npm i --save-dev @types/cors` if it exists or add a new declaration (.d.ts) file containing `declare module 'cors';`
server/middleware/cors.ts(28,12): error TS7006: Parameter 'origin' implicitly has an 'any' type.
server/middleware/cors.ts(28,20): error TS7006: Parameter 'callback' implicitly has an 'any' type.
server/middleware/session.ts(23,5): error TS2739: Type 'Pool' is missing the following properties from type 'Pool': expiredCount, ending, ended, options
server/routes.ts(8,29): error TS2305: Module '"./middleware/tenant"' has no exported member 'DEFAULT_USER_ID'.
server/routes.ts(79,10): error TS2300: Duplicate identifier 'securityHeaders'.
server/routes.ts(80,10): error TS2300: Duplicate identifier 'tenantMiddleware'.
server/routes.ts(81,10): error TS2300: Duplicate identifier 'globalSanitizer'.
server/routes.ts(82,10): error TS2300: Duplicate identifier 'securityHeaders'.
server/routes.ts(83,10): error TS2300: Duplicate identifier 'tenantMiddleware'.
server/routes.ts(84,10): error TS2300: Duplicate identifier 'globalSanitizer'.
server/routes.ts(188,11): error TS2304: Cannot find name 'portfolioPipelineRuns'.
server/routes.ts(189,15): error TS2304: Cannot find name 'portfolioPipelineRuns'.
server/routes.ts(215,13): error TS2304: Cannot find name 'portfolioPipelineRuns'.
server/routes.ts(217,15): error TS2304: Cannot find name 'portfolioPipelineRuns'.
server/routes.ts(225,24): error TS2304: Cannot find name 'portfolioVersions'.
server/routes.ts(226,11): error TS2304: Cannot find name 'portfolioVersions'.
server/routes.ts(227,15): error TS2304: Cannot find name 'portfolioVersions'.
server/routes.ts(228,19): error TS2304: Cannot find name 'portfolioVersions'.
server/routes.ts(400,17): error TS2304: Cannot find name 'portfolioVersions'.
server/routes.ts(647,45): error TS2345: Argument of type '{ username: string; email: string; password: string; }' is not assignable to parameter of type '{ email: string; username: string; password: string; } & { tenantId: string; }'.
  Property 'tenantId' is missing in type '{ username: string; email: string; password: string; }' but required in type '{ tenantId: string; }'.
server/routes.ts(696,30): error TS2365: Operator '>' cannot be applied to types 'Promise<number>' and 'number'.
server/routes.ts(708,30): error TS2365: Operator '>' cannot be applied to types 'Promise<number>' and 'number'.
server/routes.ts(802,15): error TS2304: Cannot find name 'projectSectionPlans'.
server/routes.ts(803,19): error TS2304: Cannot find name 'projectSectionPlans'.
server/routes.ts(804,22): error TS2304: Cannot find name 'projectSectionPlans'.
server/routes.ts(808,15): error TS2304: Cannot find name 'portfolioPipelineRuns'.
server/routes.ts(809,19): error TS2304: Cannot find name 'portfolioPipelineRuns'.
server/routes.ts(810,23): error TS2304: Cannot find name 'portfolioPipelineRuns'.
server/routes.ts(815,15): error TS2304: Cannot find name 'portfolioVersions'.
server/routes.ts(816,19): error TS2304: Cannot find name 'portfolioVersions'.
server/routes.ts(817,23): error TS2304: Cannot find name 'portfolioVersions'.
server/routes.ts(888,17): error TS2304: Cannot find name 'projectSectionPlans'.
server/routes.ts(889,19): error TS2304: Cannot find name 'projectSectionPlans'.
server/routes.ts(905,25): error TS2304: Cannot find name 'projectSectionPlans'.
server/routes.ts(910,15): error TS2304: Cannot find name 'projectSectionPlans'.
server/routes.ts(911,19): error TS2304: Cannot find name 'projectSectionPlans'.
server/routes.ts(912,22): error TS2304: Cannot find name 'projectSectionPlans'.
server/routes.ts(932,15): error TS2304: Cannot find name 'portfolioPipelineRuns'.
server/routes.ts(933,19): error TS2304: Cannot find name 'portfolioPipelineRuns'.
server/routes.ts(934,23): error TS2304: Cannot find name 'portfolioPipelineRuns'.
server/routes.ts(955,15): error TS2304: Cannot find name 'portfolioPipelineRuns'.
server/routes.ts(957,14): error TS2304: Cannot find name 'portfolioPipelineRuns'.
server/routes.ts(958,14): error TS2304: Cannot find name 'portfolioPipelineRuns'.
server/routes.ts(984,15): error TS2304: Cannot find name 'projectSectionPlans'.
server/routes.ts(985,19): error TS2304: Cannot find name 'projectSectionPlans'.
server/routes.ts(986,22): error TS2304: Cannot find name 'projectSectionPlans'.
server/routes.ts(1006,17): error TS2304: Cannot find name 'portfolioPipelineRuns'.
server/routes.ts(1053,17): error TS2304: Cannot find name 'portfolioVersions'.
server/routes.ts(1124,15): error TS2304: Cannot find name 'portfolioPipelineRuns'.
server/routes.ts(1125,23): error TS2304: Cannot find name 'portfolioPipelineRuns'.
server/routes.ts(1125,71): error TS2304: Cannot find name 'portfolioPipelineRuns'.
server/routes.ts(1138,15): error TS2304: Cannot find name 'portfolioVersions'.
server/routes.ts(1139,23): error TS2304: Cannot find name 'portfolioVersions'.
server/routes.ts(1139,67): error TS2304: Cannot find name 'portfolioVersions'.
server/routes.ts(1140,23): error TS2304: Cannot find name 'portfolioVersions'.
server/routes.ts(1194,63): error TS2345: Argument of type 'string | undefined' is not assignable to parameter of type 'string'.
  Type 'undefined' is not assignable to type 'string'.
server/routes.ts(1198,53): error TS2322: Type 'string | undefined' is not assignable to type 'string'.
  Type 'undefined' is not assignable to type 'string'.
server/routes.ts(1227,9): error TS2698: Spread types may only be created from object types.
server/routes.ts(1236,9): error TS2322: Type 'string' is not assignable to type 'Date'.
server/routes.ts(1265,13): error TS2322: Type 'string' is not assignable to type 'Date'.
server/routes.ts(2523,25): error TS2339: Property 'client' does not exist on type '{ tenantId: string; title: string; id: string; slug: string; createdAt: Date; thumbnailUrl: string | null; clientName: string | null; categories: string[] | null; challengeText: string | null; ... 9 more ...; assetPlan: { ...; }[] | null; }'.
server/routes.ts(2524,30): error TS2339: Property 'description' does not exist on type '{ tenantId: string; title: string; id: string; slug: string; createdAt: Date; thumbnailUrl: string | null; clientName: string | null; categories: string[] | null; challengeText: string | null; ... 9 more ...; assetPlan: { ...; }[] | null; }'.
server/routes.ts(3019,16): error TS2353: Object literal may only specify known properties, and 'scenes' does not exist in type '{ tenantId?: string | SQL<unknown> | PgColumn<ColumnBaseConfig<ColumnDataType, string>, {}, {}> | undefined; title?: string | SQL<unknown> | PgColumn<...> | undefined; ... 16 more ...; assetPlan?: SQL<...> | ... 3 more ... | undefined; }'.
server/routes.ts(3987,64): error TS7006: Parameter 'p' implicitly has an 'any' type.
server/routes.ts(3990,47): error TS7006: Parameter 'paragraph' implicitly has an 'any' type.
server/routes.ts(3990,58): error TS7006: Parameter 'index' implicitly has an 'any' type.
server/routes.ts(4026,63): error TS7006: Parameter 's' implicitly has an 'any' type.
server/routes.ts(4047,75): error TS2345: Argument of type '{ projectId: string; sceneType: string; displayOrder: number; sceneConfig: { type: string; content: { heading: any; body: string; mediaType: string; images?: undefined; quote?: undefined; author?: undefined; role?: undefined; }; director: { ...; }; }; tenantId: string; } | { ...; } | { ...; }' is not assignable to parameter of type '{ sceneConfig: { type: "text"; content: { body: string; heading: string; headingLevel: "h2" | "h3" | "h1" | "h4" | "h5" | "h6"; metaDescription?: string | undefined; }; } | { type: "image"; content: { ...; }; } | ... 5 more ... | { ...; }; order?: number | undefined; }'.
  Type '{ projectId: string; sceneType: string; displayOrder: number; sceneConfig: { type: string; content: { heading: any; body: string; mediaType: string; images?: undefined; quote?: undefined; author?: undefined; role?: undefined; }; director: { ...; }; }; tenantId: string; }' is not assignable to type '{ sceneConfig: { type: "text"; content: { body: string; heading: string; headingLevel: "h2" | "h3" | "h1" | "h4" | "h5" | "h6"; metaDescription?: string | undefined; }; } | { type: "image"; content: { ...; }; } | ... 5 more ... | { ...; }; order?: number | undefined; }'.
    Types of property 'sceneConfig' are incompatible.
      Type '{ type: string; content: { heading: any; body: string; mediaType: string; images?: undefined; quote?: undefined; author?: undefined; role?: undefined; }; director: { timing: number; effects: string; colors: { ...; }; transition: string; fonts: any; }; }' is not assignable to type '{ type: "text"; content: { body: string; heading: string; headingLevel: "h2" | "h3" | "h1" | "h4" | "h5" | "h6"; metaDescription?: string | undefined; }; } | { type: "image"; content: { alt: string; url: string; title?: string | undefined; mediaId?: string | undefined; }; } | ... 5 more ... | { ...; }'.
        Type '{ type: string; content: { heading: any; body: string; mediaType: string; images?: undefined; quote?: undefined; author?: undefined; role?: undefined; }; director: { timing: number; effects: string; colors: { ...; }; transition: string; fonts: any; }; }' is not assignable to type '{ type: "component"; content: { props: Record<string, any>; componentType: "metric-card" | "timeline" | "comparison-table" | "testimonial-carousel" | "badge-grid" | "icon-grid" | ... 5 more ... | "cta-block"; heading?: string | undefined; description?: string | undefined; } & { ...; }; }'.
          Types of property 'type' are incompatible.
            Type 'string' is not assignable to type '"component"'.
server/routes.ts(4338,77): error TS2339: Property 'alt' does not exist on type 'GeneratedSceneConfig'.
server/routes.ts(4340,81): error TS2339: Property 'quote' does not exist on type 'GeneratedSceneConfig'.
server/routes.ts(4341,83): error TS2339: Property 'author' does not exist on type 'GeneratedSceneConfig'.
server/routes.ts(4368,62): error TS2769: No overload matches this call.
  Overload 1 of 2, '(value: { tenantId: string | SQL<unknown> | Placeholder<string, any>; title: string | SQL<unknown> | Placeholder<string, any>; slug: string | SQL<unknown> | Placeholder<...>; ... 15 more ...; assetPlan?: SQL<...> | ... 3 more ... | undefined; }): PgInsertBase<...>', gave the following error.
    Object literal may only specify known properties, and 'description' does not exist in type '{ tenantId: string | SQL<unknown> | Placeholder<string, any>; title: string | SQL<unknown> | Placeholder<string, any>; slug: string | SQL<unknown> | Placeholder<string, any>; ... 15 more ...; assetPlan?: SQL<...> | ... 3 more ... | undefined; }'.
  Overload 2 of 2, '(values: { tenantId: string | SQL<unknown> | Placeholder<string, any>; title: string | SQL<unknown> | Placeholder<string, any>; slug: string | SQL<unknown> | Placeholder<...>; ... 15 more ...; assetPlan?: SQL<...> | ... 3 more ... | undefined; }[]): PgInsertBase<...>', gave the following error.
    Object literal may only specify known properties, and 'tenantId' does not exist in type '{ tenantId: string | SQL<unknown> | Placeholder<string, any>; title: string | SQL<unknown> | Placeholder<string, any>; slug: string | SQL<unknown> | Placeholder<string, any>; ... 15 more ...; assetPlan?: SQL<...> | ... 3 more ... | undefined; }[]'.
server/routes.ts(4392,29): error TS2339: Property 'createConversationMessage' does not exist on type 'DbStorage'.
server/routes.ts(4399,29): error TS2339: Property 'createConversationMessage' does not exist on type 'DbStorage'.
server/routes.ts(4525,56): error TS2345: Argument of type 'TechnicalScene[]' is not assignable to parameter of type 'GeneratedScene[]'.
  Type 'TechnicalScene' is not assignable to type 'GeneratedScene'.
    Types of property 'director' are incompatible.
      Type 'Record<string, any>' is missing the following properties from type '{ entryDuration: number; exitDuration: number; backgroundColor: string; textColor: string; parallaxIntensity: number; entryEffect: string; exitEffect: string; headingSize: string; bodySize: string; ... 27 more ...; gradientDirection?: string | ... 1 more ... | undefined; }': entryDuration, exitDuration, backgroundColor, textColor, and 7 more.
server/routes.ts(4536,62): error TS2345: Argument of type '{ slug: string; title: string; clientName: string | null; thumbnailUrl: string | null; categories: never[]; }' is not assignable to parameter of type 'string'.
server/routes.ts(4551,29): error TS2554: Expected 3 arguments, but got 1.
server/routes.ts(4610,21): error TS2339: Property 'generatePortfolio' does not exist on type 'typeof import("/Users/caleb/Desktop/Revenue Party Website 11:19:25/server/utils/portfolio-director")'.
server/routes/ai-generation.ts(38,7): error TS2769: No overload matches this call.
  Overload 1 of 2, '(value: { tenantId: string | SQL<unknown> | Placeholder<string, any>; jobId: string | SQL<unknown> | Placeholder<string, any>; jobType: string | SQL<unknown> | Placeholder<...>; ... 7 more ...; resultSnippet?: string | ... 3 more ... | undefined; }): PgInsertBase<...>', gave the following error.
    Type 'string | undefined' is not assignable to type 'string | SQL<unknown> | Placeholder<string, any>'.
      Type 'undefined' is not assignable to type 'string | SQL<unknown> | Placeholder<string, any>'.
  Overload 2 of 2, '(values: { tenantId: string | SQL<unknown> | Placeholder<string, any>; jobId: string | SQL<unknown> | Placeholder<string, any>; jobType: string | SQL<unknown> | Placeholder<...>; ... 7 more ...; resultSnippet?: string | ... 3 more ... | undefined; }[]): PgInsertBase<...>', gave the following error.
    Object literal may only specify known properties, and 'jobId' does not exist in type '{ tenantId: string | SQL<unknown> | Placeholder<string, any>; jobId: string | SQL<unknown> | Placeholder<string, any>; jobType: string | SQL<unknown> | Placeholder<...>; ... 7 more ...; resultSnippet?: string | ... 3 more ... | undefined; }[]'.
server/routes/ai-generation.ts(103,7): error TS2769: No overload matches this call.
  Overload 1 of 2, '(value: { tenantId: string | SQL<unknown> | Placeholder<string, any>; jobId: string | SQL<unknown> | Placeholder<string, any>; prompt: string | SQL<unknown> | Placeholder<...>; ... 12 more ...; durationMs?: number | ... 3 more ... | undefined; }): PgInsertBase<...>', gave the following error.
    Type 'string | undefined' is not assignable to type 'string | SQL<unknown> | Placeholder<string, any>'.
      Type 'undefined' is not assignable to type 'string | SQL<unknown> | Placeholder<string, any>'.
  Overload 2 of 2, '(values: { tenantId: string | SQL<unknown> | Placeholder<string, any>; jobId: string | SQL<unknown> | Placeholder<string, any>; prompt: string | SQL<unknown> | Placeholder<...>; ... 12 more ...; durationMs?: number | ... 3 more ... | undefined; }[]): PgInsertBase<...>', gave the following error.
    Object literal may only specify known properties, and 'jobId' does not exist in type '{ tenantId: string | SQL<unknown> | Placeholder<string, any>; jobId: string | SQL<unknown> | Placeholder<string, any>; prompt: string | SQL<unknown> | Placeholder<...>; ... 12 more ...; durationMs?: number | ... 3 more ... | undefined; }[]'.
server/routes/ai-generation.ts(173,11): error TS2740: Type '{}' is missing the following properties from type '{ id?: string | undefined; url: string; }[]': length, pop, push, concat, and 29 more.
server/routes/crm.ts(293,15): error TS2339: Property 'updatedAt' does not exist on type '{ tenantId: string; customFields: Record<string, any>; }'.
server/routes/crm.ts(367,7): error TS2345: Argument of type 'SQL<unknown> | undefined' is not assignable to parameter of type 'SQL<unknown>'.
  Type 'undefined' is not assignable to type 'SQL<unknown>'.
server/routes/leads.ts(162,7): error TS2454: Variable 'companyId' is used before being assigned.
server/routes/seo-health.ts(183,29): error TS2339: Property 'uniqueIssue' does not exist on type 'PgTableWithColumns<{ name: "seo_issues"; schema: undefined; columns: { id: PgColumn<{ name: "id"; tableName: "seo_issues"; dataType: "string"; columnType: "PgVarchar"; data: string; driverParam: string; notNull: true; hasDefault: true; ... 6 more ...; generated: undefined; }, {}, { ...; }>; ... 12 more ...; updatedA...'.
server/routes/webhooks/index.ts(2,40): error TS2307: Cannot find module '../routes/webhooks/replicate' or its corresponding type declarations.
server/services/aiClientFactory.ts(22,24): error TS2345: Argument of type '"ai_generation_error"' is not assignable to parameter of type 'SecurityEventType'.
server/services/layoutGenerator.ts(27,65): error TS6234: This expression is not callable because it is a 'get' accessor. Did you mean to use it without '()'?
  Type 'never' has no call signatures.
server/services/textGeneration.ts(119,18): error TS6234: This expression is not callable because it is a 'get' accessor. Did you mean to use it without '()'?
  Type 'never' has no call signatures.
server/services/textGeneration.ts(120,18): error TS2551: Property 'response' does not exist on type 'GenerateContentResponse'. Did you mean 'responseId'?
server/services/textGeneration.ts(121,18): error TS7006: Parameter 'part' implicitly has an 'any' type.
server/storage.ts(195,3): error TS7010: 'saveAssetMap', which lacks return-type annotation, implicitly has an 'any' return type.
server/storage.ts(196,3): error TS7010: 'updateAssetMapping', which lacks return-type annotation, implicitly has an 'any' return type.
server/storage.ts(197,3): error TS7010: 'removeAssetMapping', which lacks return-type annotation, implicitly has an 'any' return type.
server/storage.ts(922,5): error TS2322: Type '{ id: string; projectId: string; sceneConfig: { type: string; content: { [key: string]: any; url?: string | undefined; mediaId?: string | undefined; }; layout?: string | undefined; animation?: string | undefined; director?: Record<...> | undefined; }; order: number; createdAt: Date; }[]' is not assignable to type 'ProjectScene[]'.
  Type '{ id: string; projectId: string; sceneConfig: { type: string; content: { [key: string]: any; url?: string | undefined; mediaId?: string | undefined; }; layout?: string | undefined; animation?: string | undefined; director?: Record<...> | undefined; }; order: number; createdAt: Date; }' is not assignable to type 'ProjectScene'.
    Type '{ id: string; projectId: string; sceneConfig: { type: string; content: { [key: string]: any; url?: string | undefined; mediaId?: string | undefined; }; layout?: string | undefined; animation?: string | undefined; director?: Record<...> | undefined; }; order: number; createdAt: Date; }' is not assignable to type '{ sceneConfig: { type: "text"; content: { body: string; heading: string; headingLevel: "h2" | "h3" | "h1" | "h4" | "h5" | "h6"; metaDescription?: string | undefined; }; } | { type: "image"; content: { ...; }; } | ... 5 more ... | { ...; }; }'.
      Types of property 'sceneConfig' are incompatible.
        Type '{ type: string; content: { [key: string]: any; url?: string | undefined; mediaId?: string | undefined; }; layout?: string | undefined; animation?: string | undefined; director?: Record<string, any> | undefined; }' is not assignable to type '{ type: "text"; content: { body: string; heading: string; headingLevel: "h2" | "h3" | "h1" | "h4" | "h5" | "h6"; metaDescription?: string | undefined; }; } | { type: "image"; content: { alt: string; url: string; title?: string | undefined; mediaId?: string | undefined; }; } | ... 5 more ... | { ...; }'.
          Type '{ type: string; content: { [key: string]: any; url?: string | undefined; mediaId?: string | undefined; }; layout?: string | undefined; animation?: string | undefined; director?: Record<string, any> | undefined; }' is not assignable to type '{ type: "component"; content: { props: Record<string, any>; componentType: "metric-card" | "timeline" | "comparison-table" | "testimonial-carousel" | "badge-grid" | "icon-grid" | ... 5 more ... | "cta-block"; heading?: string | undefined; description?: string | undefined; } & { ...; }; }'.
            Types of property 'type' are incompatible.
              Type 'string' is not assignable to type '"component"'.
server/storage.ts(1130,11): error TS2769: No overload matches this call.
  Overload 1 of 3, '(left: PgColumn<{ name: "prompt_type"; tableName: "portfolio_prompts"; dataType: "string"; columnType: "PgText"; data: "artistic_director" | "technical_director" | "executive_producer" | "split_specialist" | "gallery_specialist" | "quote_specialist" | "fullscreen_specialist"; ... 9 more ...; generated: undefined; }, {}, { ...; }>, right: SQLWrapper | ... 6 more ... | "fullscreen_specialist"): SQL<...>', gave the following error.
    Argument of type 'string' is not assignable to parameter of type 'SQLWrapper | "artistic_director" | "technical_director" | "executive_producer" | "split_specialist" | "gallery_specialist" | "quote_specialist" | "fullscreen_specialist"'.
  Overload 2 of 3, '(left: Aliased<string>, right: string | SQLWrapper): SQL<unknown>', gave the following error.
    Argument of type 'PgColumn<{ name: "prompt_type"; tableName: "portfolio_prompts"; dataType: "string"; columnType: "PgText"; data: "artistic_director" | "technical_director" | "executive_producer" | "split_specialist" | "gallery_specialist" | "quote_specialist" | "fullscreen_specialist"; ... 9 more ...; generated: undefined; }, {}, { ...' is not assignable to parameter of type 'Aliased<string>'.
      Type 'PgColumn<{ name: "prompt_type"; tableName: "portfolio_prompts"; dataType: "string"; columnType: "PgText"; data: "artistic_director" | "technical_director" | "executive_producer" | "split_specialist" | "gallery_specialist" | "quote_specialist" | "fullscreen_specialist"; ... 9 more ...; generated: undefined; }, {}, { ...' is missing the following properties from type 'Aliased<string>': sql, fieldAlias
  Overload 3 of 3, '(left: never, right: unknown): SQL<unknown>', gave the following error.
    Argument of type 'PgColumn<{ name: "prompt_type"; tableName: "portfolio_prompts"; dataType: "string"; columnType: "PgText"; data: "artistic_director" | "technical_director" | "executive_producer" | "split_specialist" | "gallery_specialist" | "quote_specialist" | "fullscreen_specialist"; ... 9 more ...; generated: undefined; }, {}, { ...' is not assignable to parameter of type 'never'.
server/storage.ts(1154,10): error TS2769: No overload matches this call.
  Overload 1 of 2, '(value: { projectId: string | SQL<unknown> | Placeholder<string, any>; promptType: SQL<unknown> | "artistic_director" | "technical_director" | "executive_producer" | "split_specialist" | "gallery_specialist" | "quote_specialist" | "fullscreen_specialist" | Placeholder<...>; ... 7 more ...; customPrompt?: string | ... 3 more ... | undefined; }): PgInsertBase<...>', gave the following error.
    Type 'string' is not assignable to type 'SQL<unknown> | "artistic_director" | "technical_director" | "executive_producer" | "split_specialist" | "gallery_specialist" | "quote_specialist" | "fullscreen_specialist" | Placeholder<...>'.
  Overload 2 of 2, '(values: { projectId: string | SQL<unknown> | Placeholder<string, any>; promptType: SQL<unknown> | "artistic_director" | "technical_director" | "executive_producer" | "split_specialist" | "gallery_specialist" | "quote_specialist" | "fullscreen_specialist" | Placeholder<...>; ... 7 more ...; customPrompt?: string | ... 3 more ... | undefined; }[]): PgInsertBase<...>', gave the following error.
    Object literal may only specify known properties, and 'projectId' does not exist in type '{ projectId: string | SQL<unknown> | Placeholder<string, any>; promptType: SQL<unknown> | "artistic_director" | "technical_director" | "executive_producer" | "split_specialist" | "gallery_specialist" | "quote_specialist" | "fullscreen_specialist" | Placeholder<...>; ... 7 more ...; customPrompt?: string | ... 3 more...'.
server/storage.ts(1214,11): error TS2769: No overload matches this call.
  Overload 1 of 3, '(left: PgColumn<{ name: "prompt_type"; tableName: "portfolio_prompts"; dataType: "string"; columnType: "PgText"; data: "artistic_director" | "technical_director" | "executive_producer" | "split_specialist" | "gallery_specialist" | "quote_specialist" | "fullscreen_specialist"; ... 9 more ...; generated: undefined; }, {}, { ...; }>, right: SQLWrapper | ... 6 more ... | "fullscreen_specialist"): SQL<...>', gave the following error.
    Argument of type 'string' is not assignable to parameter of type 'SQLWrapper | "artistic_director" | "technical_director" | "executive_producer" | "split_specialist" | "gallery_specialist" | "quote_specialist" | "fullscreen_specialist"'.
  Overload 2 of 3, '(left: Aliased<string>, right: string | SQLWrapper): SQL<unknown>', gave the following error.
    Argument of type 'PgColumn<{ name: "prompt_type"; tableName: "portfolio_prompts"; dataType: "string"; columnType: "PgText"; data: "artistic_director" | "technical_director" | "executive_producer" | "split_specialist" | "gallery_specialist" | "quote_specialist" | "fullscreen_specialist"; ... 9 more ...; generated: undefined; }, {}, { ...' is not assignable to parameter of type 'Aliased<string>'.
      Type 'PgColumn<{ name: "prompt_type"; tableName: "portfolio_prompts"; dataType: "string"; columnType: "PgText"; data: "artistic_director" | "technical_director" | "executive_producer" | "split_specialist" | "gallery_specialist" | "quote_specialist" | "fullscreen_specialist"; ... 9 more ...; generated: undefined; }, {}, { ...' is missing the following properties from type 'Aliased<string>': sql, fieldAlias
  Overload 3 of 3, '(left: never, right: unknown): SQL<unknown>', gave the following error.
    Argument of type 'PgColumn<{ name: "prompt_type"; tableName: "portfolio_prompts"; dataType: "string"; columnType: "PgText"; data: "artistic_director" | "technical_director" | "executive_producer" | "split_specialist" | "gallery_specialist" | "quote_specialist" | "fullscreen_specialist"; ... 9 more ...; generated: undefined; }, {}, { ...' is not assignable to parameter of type 'never'.
server/storage.ts(1336,7): error TS2322: Type '{ type: string; content: { [key: string]: any; url?: string | undefined; mediaId?: string | undefined; }; layout?: string | undefined; animation?: string | undefined; director?: Record<string, any> | undefined; }' is not assignable to type '{ type: "text"; content: { body: string; heading: string; headingLevel: "h2" | "h3" | "h1" | "h4" | "h5" | "h6"; metaDescription?: string | undefined; }; } | { type: "image"; content: { alt: string; url: string; title?: string | undefined; mediaId?: string | undefined; }; } | ... 5 more ... | { ...; }'.
  Type '{ type: string; content: { [key: string]: any; url?: string | undefined; mediaId?: string | undefined; }; layout?: string | undefined; animation?: string | undefined; director?: Record<string, any> | undefined; }' is not assignable to type '{ type: "component"; content: { props: Record<string, any>; componentType: "metric-card" | "timeline" | "comparison-table" | "testimonial-carousel" | "badge-grid" | "icon-grid" | ... 5 more ... | "cta-block"; heading?: string | undefined; description?: string | undefined; } & { ...; }; }'.
    Types of property 'type' are incompatible.
      Type 'string' is not assignable to type '"component"'.
server/storage.ts(1339,7): error TS2322: Type 'string | undefined' is not assignable to type '"text" | "media" | "split" | "other" | "gallery" | "hero" | "testimonial" | undefined'.
  Type 'string' is not assignable to type '"text" | "media" | "split" | "other" | "gallery" | "hero" | "testimonial" | undefined'.
server/storage.ts(1388,60): error TS2769: No overload matches this call.
  Overload 1 of 2, '(value: { tenantId: string | SQL<unknown> | Placeholder<string, any>; mediaType: "video" | "image" | SQL<unknown> | Placeholder<string, any>; cloudinaryPublicId: string | ... 1 more ... | Placeholder<...>; ... 5 more ...; projectId?: string | ... 3 more ... | undefined; }): PgInsertBase<...>', gave the following error.
    Argument of type '{ createdAt: Date; tenantId: string; mediaType: string; cloudinaryPublicId: string; cloudinaryUrl: string; label?: string | null | undefined; tags?: string[] | null | undefined; projectId?: string | ... 1 more ... | undefined; id: `${string}-${string}-${string}-${string}-${string}`; }' is not assignable to parameter of type '{ tenantId: string | SQL<unknown> | Placeholder<string, any>; mediaType: "video" | "image" | SQL<unknown> | Placeholder<string, any>; cloudinaryPublicId: string | ... 1 more ... | Placeholder<...>; ... 5 more ...; projectId?: string | ... 3 more ... | undefined; }'.
      Types of property 'mediaType' are incompatible.
        Type 'string' is not assignable to type '"video" | "image" | SQL<unknown> | Placeholder<string, any>'.
  Overload 2 of 2, '(values: { tenantId: string | SQL<unknown> | Placeholder<string, any>; mediaType: "video" | "image" | SQL<unknown> | Placeholder<string, any>; cloudinaryPublicId: string | ... 1 more ... | Placeholder<...>; ... 5 more ...; projectId?: string | ... 3 more ... | undefined; }[]): PgInsertBase<...>', gave the following error.
    Argument of type '{ createdAt: Date; tenantId: string; mediaType: string; cloudinaryPublicId: string; cloudinaryUrl: string; label?: string | null | undefined; tags?: string[] | null | undefined; projectId?: string | ... 1 more ... | undefined; id: `${string}-${string}-${string}-${string}-${string}`; }' is not assignable to parameter of type '{ tenantId: string | SQL<unknown> | Placeholder<string, any>; mediaType: "video" | "image" | SQL<unknown> | Placeholder<string, any>; cloudinaryPublicId: string | ... 1 more ... | Placeholder<...>; ... 5 more ...; projectId?: string | ... 3 more ... | undefined; }[]'.
      Type '{ createdAt: Date; tenantId: string; mediaType: string; cloudinaryPublicId: string; cloudinaryUrl: string; label?: string | null | undefined; tags?: string[] | null | undefined; projectId?: string | ... 1 more ... | undefined; id: `${string}-${string}-${string}-${string}-${string}`; }' is missing the following properties from type '{ tenantId: string | SQL<unknown> | Placeholder<string, any>; mediaType: "video" | "image" | SQL<unknown> | Placeholder<string, any>; cloudinaryPublicId: string | ... 1 more ... | Placeholder<...>; ... 5 more ...; projectId?: string | ... 3 more ... | undefined; }[]': length, pop, push, concat, and 29 more.
server/storage.ts(1405,60): error TS2304: Cannot find name 'PortfolioConversation'.
server/storage.ts(1429,8): error TS2769: No overload matches this call.
  Overload 1 of 2, '(value: { projectId: string | SQL<unknown> | Placeholder<string, any>; versionNumber: number | SQL<unknown> | Placeholder<string, any>; scenesJson: unknown; id?: string | SQL<...> | Placeholder<...> | undefined; ... 5 more ...; changeDescription?: string | ... 3 more ... | undefined; }): PgInsertBase<...>', gave the following error.
    Object literal may only specify known properties, and 'assetMap' does not exist in type '{ projectId: string | SQL<unknown> | Placeholder<string, any>; versionNumber: number | SQL<unknown> | Placeholder<string, any>; scenesJson: unknown; id?: string | SQL<...> | Placeholder<...> | undefined; ... 5 more ...; changeDescription?: string | ... 3 more ... | undefined; }'.
  Overload 2 of 2, '(values: { projectId: string | SQL<unknown> | Placeholder<string, any>; versionNumber: number | SQL<unknown> | Placeholder<string, any>; scenesJson: unknown; id?: string | SQL<...> | Placeholder<...> | undefined; ... 5 more ...; changeDescription?: string | ... 3 more ... | undefined; }[]): PgInsertBase<...>', gave the following error.
    Object literal may only specify known properties, and 'projectId' does not exist in type '{ projectId: string | SQL<unknown> | Placeholder<string, any>; versionNumber: number | SQL<unknown> | Placeholder<string, any>; scenesJson: unknown; id?: string | SQL<...> | Placeholder<...> | undefined; ... 5 more ...; changeDescription?: string | ... 3 more ... | undefined; }[]'.
server/storage.ts(1516,45): error TS2339: Property 'assetMap' does not exist on type 'PgTableWithColumns<{ name: "portfolio_versions"; schema: undefined; columns: { id: PgColumn<{ name: "id"; tableName: "portfolio_versions"; dataType: "string"; columnType: "PgText"; data: string; driverParam: string; notNull: true; ... 7 more ...; generated: undefined; }, {}, {}>; ... 8 more ...; createdAt: PgColumn<...'.
server/storage.ts(1541,14): error TS2353: Object literal may only specify known properties, and 'assetMap' does not exist in type '{ projectId?: string | SQL<unknown> | PgColumn<ColumnBaseConfig<ColumnDataType, string>, {}, {}> | undefined; versionNumber?: number | SQL<...> | PgColumn<...> | undefined; ... 7 more ...; changeDescription?: string | ... 3 more ... | undefined; }'.
server/storage.ts(1574,27): error TS2322: Type 'string' is not assignable to type 'Date | SQL<unknown> | PgColumn<ColumnBaseConfig<ColumnDataType, string>, {}, {}> | null | undefined'.
server/storage.ts(1595,24): error TS2322: Type 'string' is not assignable to type 'Date | SQL<unknown> | PgColumn<ColumnBaseConfig<ColumnDataType, string>, {}, {}> | null | undefined'.
server/utils/portfolio-director.ts(131,55): error TS2345: Argument of type 'string' is not assignable to parameter of type 'PlaceholderId'.
server/utils/portfolio-director.ts(140,56): error TS2345: Argument of type 'string' is not assignable to parameter of type 'PlaceholderId'.
server/utils/portfolio-director.ts(149,56): error TS2345: Argument of type 'string' is not assignable to parameter of type 'PlaceholderId'.
server/utils/portfolio-director.ts(158,56): error TS2345: Argument of type 'string' is not assignable to parameter of type 'PlaceholderId'.
server/utils/portfolio-director.ts(204,26): error TS2339: Property 'texts' does not exist on type '{ readonly images: readonly ["image-1", "image-2", "image-3", "image-4", "image-5", "image-6", "image-7", "image-8", "image-9", "image-10"]; readonly videos: readonly ["video-1", "video-2", "video-3"]; readonly quotes: readonly [...]; }'.
server/utils/portfolio-director.ts(204,40): error TS7006: Parameter 'id' implicitly has an 'any' type.
server/utils/portfolio-director.ts(1661,87): error TS18046: 'error' is of type 'unknown'.
server/utils/portfolio-director.ts(1674,24): error TS18048: 'stage1Response' is possibly 'undefined'.
server/utils/portfolio-director.ts(1708,7): error TS2740: Type '{}' is missing the following properties from type '{ entryDuration: number; exitDuration: number; backgroundColor: string; textColor: string; parallaxIntensity: number; entryEffect: string; exitEffect: string; headingSize: string; bodySize: string; ... 27 more ...; gradientDirection?: string | ... 1 more ... | undefined; }': entryDuration, exitDuration, backgroundColor, textColor, and 7 more.
server/utils/portfolio-director.ts(1712,11): error TS7053: Element implicitly has an 'any' type because expression of type 'string' can't be used to index type '{ entryDuration: number; exitDuration: number; backgroundColor: string; textColor: string; parallaxIntensity: number; entryEffect: string; exitEffect: string; headingSize: string; bodySize: string; ... 27 more ...; gradientDirection?: string | ... 1 more ... | undefined; }'.
  No index signature with a parameter of type 'string' was found on type '{ entryDuration: number; exitDuration: number; backgroundColor: string; textColor: string; parallaxIntensity: number; entryEffect: string; exitEffect: string; headingSize: string; bodySize: string; ... 27 more ...; gradientDirection?: string | ... 1 more ... | undefined; }'.
server/utils/portfolio-director.ts(1713,9): error TS7053: Element implicitly has an 'any' type because expression of type 'string' can't be used to index type '{ entryDuration: number; exitDuration: number; backgroundColor: string; textColor: string; parallaxIntensity: number; entryEffect: string; exitEffect: string; headingSize: string; bodySize: string; ... 27 more ...; gradientDirection?: string | ... 1 more ... | undefined; }'.
  No index signature with a parameter of type 'string' was found on type '{ entryDuration: number; exitDuration: number; backgroundColor: string; textColor: string; parallaxIntensity: number; entryEffect: string; exitEffect: string; headingSize: string; bodySize: string; ... 27 more ...; gradientDirection?: string | ... 1 more ... | undefined; }'.
server/utils/portfolio-director.ts(1713,33): error TS7053: Element implicitly has an 'any' type because expression of type 'string' can't be used to index type '{ readonly entryEffect: "fade"; readonly entryDuration: 1; readonly entryDelay: 0; readonly entryEasing: "ease-out"; readonly exitEffect: "fade"; readonly exitDuration: 1; readonly exitDelay: 0; ... 29 more ...; readonly gradientDirection: undefined; }'.
  No index signature with a parameter of type 'string' was found on type '{ readonly entryEffect: "fade"; readonly entryDuration: 1; readonly entryDelay: 0; readonly entryEasing: "ease-out"; readonly exitEffect: "fade"; readonly exitDuration: 1; readonly exitDelay: 0; ... 29 more ...; readonly gradientDirection: undefined; }'.
server/utils/portfolio-director.ts(1778,12): error TS7053: Element implicitly has an 'any' type because expression of type 'string' can't be used to index type 'GeneratedScene'.
  No index signature with a parameter of type 'string' was found on type 'GeneratedScene'.
server/utils/portfolio-director.ts(1799,13): error TS7053: Element implicitly has an 'any' type because expression of type 'string' can't be used to index type '{ entryDuration: number; exitDuration: number; backgroundColor: string; textColor: string; parallaxIntensity: number; entryEffect: string; exitEffect: string; headingSize: string; bodySize: string; ... 27 more ...; gradientDirection?: string | ... 1 more ... | undefined; }'.
  No index signature with a parameter of type 'string' was found on type '{ entryDuration: number; exitDuration: number; backgroundColor: string; textColor: string; parallaxIntensity: number; entryEffect: string; exitEffect: string; headingSize: string; bodySize: string; ... 27 more ...; gradientDirection?: string | ... 1 more ... | undefined; }'.
server/utils/portfolio-director.ts(1799,52): error TS7053: Element implicitly has an 'any' type because expression of type 'string' can't be used to index type '{ entryDuration: number; exitDuration: number; backgroundColor: string; textColor: string; parallaxIntensity: number; entryEffect: string; exitEffect: string; headingSize: string; bodySize: string; ... 27 more ...; gradientDirection?: string | ... 1 more ... | undefined; }'.
  No index signature with a parameter of type 'string' was found on type '{ entryDuration: number; exitDuration: number; backgroundColor: string; textColor: string; parallaxIntensity: number; entryEffect: string; exitEffect: string; headingSize: string; bodySize: string; ... 27 more ...; gradientDirection?: string | ... 1 more ... | undefined; }'.
server/utils/portfolio-director.ts(2143,105): error TS2345: Argument of type 'string | null | undefined' is not assignable to parameter of type 'string | null'.
  Type 'undefined' is not assignable to type 'string | null'.
server/utils/portfolio-director.ts(2147,109): error TS2345: Argument of type 'string | null | undefined' is not assignable to parameter of type 'string | null'.
  Type 'undefined' is not assignable to type 'string | null'.
server/utils/portfolio-director.ts(2151,105): error TS2345: Argument of type 'string | null | undefined' is not assignable to parameter of type 'string | null'.
  Type 'undefined' is not assignable to type 'string | null'.
server/utils/portfolio-director.ts(2155,115): error TS2345: Argument of type 'string | null | undefined' is not assignable to parameter of type 'string | null'.
  Type 'undefined' is not assignable to type 'string | null'.
server/utils/portfolio-director.ts(2626,46): error TS2339: Property 'ANY' does not exist on type 'typeof Type'.
server/utils/portfolio-director.ts(2627,42): error TS2339: Property 'ANY' does not exist on type 'typeof Type'.
server/utils/portfolio-director.ts(2760,9): error TS2740: Type '{}' is missing the following properties from type '{ entryDuration: number; exitDuration: number; backgroundColor: string; textColor: string; parallaxIntensity: number; entryEffect: string; exitEffect: string; headingSize: string; bodySize: string; ... 27 more ...; gradientDirection?: string | ... 1 more ... | undefined; }': entryDuration, exitDuration, backgroundColor, textColor, and 7 more.
server/utils/portfolio-director.ts(3067,61): error TS2551: Property 'staggeredChildren' does not exist on type '{ entryDuration: number; exitDuration: number; backgroundColor: string; textColor: string; parallaxIntensity: number; entryEffect: string; exitEffect: string; headingSize: string; bodySize: string; ... 27 more ...; gradientDirection?: string | ... 1 more ... | undefined; }'. Did you mean 'staggerChildren'?
server/utils/portfolio-director.ts(3100,20): error TS7053: Element implicitly has an 'any' type because expression of type 'string' can't be used to index type '{ entryDuration: number; exitDuration: number; backgroundColor: string; textColor: string; parallaxIntensity: number; entryEffect: string; exitEffect: string; headingSize: string; bodySize: string; ... 27 more ...; gradientDirection?: string | ... 1 more ... | undefined; }'.
  No index signature with a parameter of type 'string' was found on type '{ entryDuration: number; exitDuration: number; backgroundColor: string; textColor: string; parallaxIntensity: number; entryEffect: string; exitEffect: string; headingSize: string; bodySize: string; ... 27 more ...; gradientDirection?: string | ... 1 more ... | undefined; }'.
server/utils/portfolio-director.ts(3102,13): error TS7053: Element implicitly has an 'any' type because expression of type 'string' can't be used to index type '{ entryDuration: number; exitDuration: number; backgroundColor: string; textColor: string; parallaxIntensity: number; entryEffect: string; exitEffect: string; headingSize: string; bodySize: string; ... 27 more ...; gradientDirection?: string | ... 1 more ... | undefined; }'.
  No index signature with a parameter of type 'string' was found on type '{ entryDuration: number; exitDuration: number; backgroundColor: string; textColor: string; parallaxIntensity: number; entryEffect: string; exitEffect: string; headingSize: string; bodySize: string; ... 27 more ...; gradientDirection?: string | ... 1 more ... | undefined; }'.
server/utils/portfolio-director.ts(3825,13): error TS7053: Element implicitly has an 'any' type because expression of type 'string' can't be used to index type '{ entryDuration: number; exitDuration: number; backgroundColor: string; textColor: string; parallaxIntensity: number; entryEffect: string; exitEffect: string; headingSize: string; bodySize: string; ... 27 more ...; gradientDirection?: string | ... 1 more ... | undefined; }'.
  No index signature with a parameter of type 'string' was found on type '{ entryDuration: number; exitDuration: number; backgroundColor: string; textColor: string; parallaxIntensity: number; entryEffect: string; exitEffect: string; headingSize: string; bodySize: string; ... 27 more ...; gradientDirection?: string | ... 1 more ... | undefined; }'.
server/utils/portfolio-director.ts(3827,119): error TS7053: Element implicitly has an 'any' type because expression of type 'string' can't be used to index type '{ entryDuration: number; exitDuration: number; backgroundColor: string; textColor: string; parallaxIntensity: number; entryEffect: string; exitEffect: string; headingSize: string; bodySize: string; ... 27 more ...; gradientDirection?: string | ... 1 more ... | undefined; }'.
  No index signature with a parameter of type 'string' was found on type '{ entryDuration: number; exitDuration: number; backgroundColor: string; textColor: string; parallaxIntensity: number; entryEffect: string; exitEffect: string; headingSize: string; bodySize: string; ... 27 more ...; gradientDirection?: string | ... 1 more ... | undefined; }'.
server/utils/portfolio-director.ts(3828,14): error TS7053: Element implicitly has an 'any' type because expression of type 'string' can't be used to index type '{ entryEffect: "fade"; entryDuration: 1; entryDelay: 0; entryEasing: "ease-out"; exitEffect: "fade"; exitDuration: 1; exitDelay: 0; exitEasing: "ease-in"; backgroundColor: "#000000"; textColor: "#ffffff"; ... 26 more ...; gradientDirection: undefined; }'.
  No index signature with a parameter of type 'string' was found on type '{ entryEffect: "fade"; entryDuration: 1; entryDelay: 0; entryEasing: "ease-out"; exitEffect: "fade"; exitDuration: 1; exitDelay: 0; exitEasing: "ease-in"; backgroundColor: "#000000"; textColor: "#ffffff"; ... 26 more ...; gradientDirection: undefined; }'.
server/utils/portfolio-director.ts(3830,14): error TS7053: Element implicitly has an 'any' type because expression of type 'string' can't be used to index type '{ entryEffect: "fade"; entryDuration: 1; entryDelay: 0; entryEasing: "ease-out"; exitEffect: "fade"; exitDuration: 1; exitDelay: 0; exitEasing: "ease-in"; backgroundColor: "#000000"; textColor: "#ffffff"; ... 26 more ...; gradientDirection: undefined; }'.
  No index signature with a parameter of type 'string' was found on type '{ entryEffect: "fade"; entryDuration: 1; entryDelay: 0; entryEasing: "ease-out"; exitEffect: "fade"; exitDuration: 1; exitDelay: 0; exitEasing: "ease-in"; backgroundColor: "#000000"; textColor: "#ffffff"; ... 26 more ...; gradientDirection: undefined; }'.
server/utils/portfolio-director.ts(3830,42): error TS7053: Element implicitly has an 'any' type because expression of type 'string' can't be used to index type '{ entryDuration: number; exitDuration: number; backgroundColor: string; textColor: string; parallaxIntensity: number; entryEffect: string; exitEffect: string; headingSize: string; bodySize: string; ... 27 more ...; gradientDirection?: string | ... 1 more ... | undefined; }'.
  No index signature with a parameter of type 'string' was found on type '{ entryDuration: number; exitDuration: number; backgroundColor: string; textColor: string; parallaxIntensity: number; entryEffect: string; exitEffect: string; headingSize: string; bodySize: string; ... 27 more ...; gradientDirection?: string | ... 1 more ... | undefined; }'.
server/utils/scene-validator.ts(150,15): error TS18046: 'e' is of type 'unknown'.
server/utils/type-patches.ts(7,10): error TS2435: Ambient modules cannot be nested in other modules or namespaces.
